mode: set
github.com/syols/go-devops/internal/pkg/connection.go:29.79,33.2 1 0
github.com/syols/go-devops/internal/pkg/connection.go:35.80,40.2 1 0
github.com/syols/go-devops/internal/pkg/connection.go:42.70,44.2 1 0
github.com/syols/go-devops/internal/pkg/connection.go:46.40,48.16 2 0
github.com/syols/go-devops/internal/pkg/connection.go:51.2,51.71 1 0
github.com/syols/go-devops/internal/pkg/connection.go:54.2,54.12 1 0
github.com/syols/go-devops/internal/pkg/connection.go:48.16,50.3 1 0
github.com/syols/go-devops/internal/pkg/connection.go:51.71,53.3 1 0
github.com/syols/go-devops/internal/pkg/connection.go:57.43,58.26 1 0
github.com/syols/go-devops/internal/pkg/connection.go:58.26,60.17 2 0
github.com/syols/go-devops/internal/pkg/connection.go:60.17,62.4 1 0
github.com/syols/go-devops/internal/pkg/connection.go:66.68,69.2 2 0
github.com/syols/go-devops/internal/pkg/connection.go:71.40,73.2 1 0
github.com/syols/go-devops/internal/pkg/connection.go:75.42,77.2 1 0
github.com/syols/go-devops/internal/pkg/validator.go:12.13,14.80 2 1
github.com/syols/go-devops/internal/pkg/validator.go:21.2,21.16 1 1
github.com/syols/go-devops/internal/pkg/validator.go:14.80,15.56 1 0
github.com/syols/go-devops/internal/pkg/validator.go:18.3,18.15 1 0
github.com/syols/go-devops/internal/pkg/validator.go:15.56,17.4 1 0
github.com/syols/go-devops/internal/pkg/validator.go:21.16,23.3 1 0
github.com/syols/go-devops/internal/pkg/validator.go:26.36,28.2 1 0
github.com/syols/go-devops/cmd/gophermart/main.go:15.13,19.16 4 0
github.com/syols/go-devops/cmd/gophermart/main.go:23.2,29.16 6 0
github.com/syols/go-devops/cmd/gophermart/main.go:32.2,35.24 3 0
github.com/syols/go-devops/cmd/gophermart/main.go:19.16,21.3 1 0
github.com/syols/go-devops/cmd/gophermart/main.go:29.16,31.3 1 0
github.com/syols/go-devops/cmd/gophermart/main.go:35.24,37.3 1 0
github.com/syols/go-devops/internal/models/purchase.go:19.54,26.2 1 1
github.com/syols/go-devops/internal/models/purchase.go:28.71,30.35 2 0
github.com/syols/go-devops/internal/models/purchase.go:33.2,33.12 1 0
github.com/syols/go-devops/internal/models/purchase.go:30.35,32.3 1 0
github.com/syols/go-devops/internal/models/purchase.go:36.71,38.35 2 0
github.com/syols/go-devops/internal/models/purchase.go:41.2,41.12 1 0
github.com/syols/go-devops/internal/models/purchase.go:38.35,40.3 1 0
github.com/syols/go-devops/internal/models/purchase.go:44.91,50.16 3 0
github.com/syols/go-devops/internal/models/purchase.go:53.2,53.35 1 0
github.com/syols/go-devops/internal/models/purchase.go:57.2,58.17 2 0
github.com/syols/go-devops/internal/models/purchase.go:64.2,64.17 1 0
github.com/syols/go-devops/internal/models/purchase.go:50.16,52.3 1 0
github.com/syols/go-devops/internal/models/purchase.go:53.35,55.3 1 0
github.com/syols/go-devops/internal/models/purchase.go:58.17,59.49 1 0
github.com/syols/go-devops/internal/models/purchase.go:62.3,62.21 1 0
github.com/syols/go-devops/internal/models/purchase.go:59.49,61.4 1 0
github.com/syols/go-devops/internal/models/purchase.go:67.91,74.16 3 0
github.com/syols/go-devops/internal/models/purchase.go:77.2,77.35 1 0
github.com/syols/go-devops/internal/models/purchase.go:81.2,82.18 2 0
github.com/syols/go-devops/internal/models/purchase.go:89.2,89.21 1 0
github.com/syols/go-devops/internal/models/purchase.go:74.16,76.3 1 0
github.com/syols/go-devops/internal/models/purchase.go:77.35,79.3 1 0
github.com/syols/go-devops/internal/models/purchase.go:82.18,84.49 2 0
github.com/syols/go-devops/internal/models/purchase.go:87.3,87.33 1 0
github.com/syols/go-devops/internal/models/purchase.go:84.49,86.4 1 0
github.com/syols/go-devops/internal/models/withdraw.go:19.71,21.35 2 0
github.com/syols/go-devops/internal/models/withdraw.go:24.2,24.12 1 0
github.com/syols/go-devops/internal/models/withdraw.go:21.35,23.3 1 0
github.com/syols/go-devops/internal/models/withdraw.go:27.90,35.16 3 0
github.com/syols/go-devops/internal/models/withdraw.go:38.2,38.35 1 0
github.com/syols/go-devops/internal/models/withdraw.go:42.2,43.18 2 0
github.com/syols/go-devops/internal/models/withdraw.go:50.2,50.21 1 0
github.com/syols/go-devops/internal/models/withdraw.go:35.16,37.3 1 0
github.com/syols/go-devops/internal/models/withdraw.go:38.35,40.3 1 0
github.com/syols/go-devops/internal/models/withdraw.go:43.18,45.49 2 0
github.com/syols/go-devops/internal/models/withdraw.go:48.3,48.33 1 0
github.com/syols/go-devops/internal/models/withdraw.go:45.49,47.4 1 0
github.com/syols/go-devops/config/enviroment.go:16.45,23.2 2 0
github.com/syols/go-devops/config/enviroment.go:25.53,32.2 1 0
github.com/syols/go-devops/config/enviroment.go:34.60,36.22 2 0
github.com/syols/go-devops/config/enviroment.go:46.2,46.8 1 0
github.com/syols/go-devops/config/enviroment.go:36.22,38.12 2 0
github.com/syols/go-devops/config/enviroment.go:42.3,42.21 1 0
github.com/syols/go-devops/config/enviroment.go:38.12,40.4 1 0
github.com/syols/go-devops/config/enviroment.go:42.21,44.4 1 0
github.com/syols/go-devops/internal/pkg/database.go:24.88,31.2 3 0
github.com/syols/go-devops/internal/pkg/database.go:33.105,35.16 2 0
github.com/syols/go-devops/internal/pkg/database.go:39.2,40.16 2 0
github.com/syols/go-devops/internal/pkg/database.go:43.2,44.37 2 0
github.com/syols/go-devops/internal/pkg/database.go:35.16,37.3 1 0
github.com/syols/go-devops/internal/pkg/database.go:40.16,42.3 1 0
github.com/syols/go-devops/internal/pkg/database.go:47.60,49.11 2 0
github.com/syols/go-devops/internal/pkg/database.go:58.2,58.20 1 0
github.com/syols/go-devops/internal/pkg/database.go:49.11,51.17 2 0
github.com/syols/go-devops/internal/pkg/database.go:55.3,56.31 2 0
github.com/syols/go-devops/internal/pkg/database.go:51.17,53.4 1 0
github.com/syols/go-devops/internal/handlers/balance.go:11.47,12.36 1 0
github.com/syols/go-devops/internal/handlers/balance.go:12.36,16.17 3 0
github.com/syols/go-devops/internal/handlers/balance.go:20.3,20.40 1 0
github.com/syols/go-devops/internal/handlers/balance.go:16.17,19.4 2 0
github.com/syols/go-devops/internal/handlers/withdraw.go:11.54,12.36 1 0
github.com/syols/go-devops/internal/handlers/withdraw.go:12.36,14.12 2 0
github.com/syols/go-devops/internal/handlers/withdraw.go:19.3,20.17 2 0
github.com/syols/go-devops/internal/handlers/withdraw.go:24.3,27.17 3 0
github.com/syols/go-devops/internal/handlers/withdraw.go:32.3,32.39 1 0
github.com/syols/go-devops/internal/handlers/withdraw.go:37.3,37.54 1 0
github.com/syols/go-devops/internal/handlers/withdraw.go:41.3,41.32 1 0
github.com/syols/go-devops/internal/handlers/withdraw.go:14.12,17.4 2 0
github.com/syols/go-devops/internal/handlers/withdraw.go:20.17,23.4 2 0
github.com/syols/go-devops/internal/handlers/withdraw.go:27.17,30.4 2 0
github.com/syols/go-devops/internal/handlers/withdraw.go:32.39,35.4 2 0
github.com/syols/go-devops/internal/handlers/withdraw.go:37.54,40.4 2 0
github.com/syols/go-devops/internal/handlers/withdraw.go:45.51,46.36 1 0
github.com/syols/go-devops/internal/handlers/withdraw.go:46.36,48.12 2 0
github.com/syols/go-devops/internal/handlers/withdraw.go:53.3,54.17 2 0
github.com/syols/go-devops/internal/handlers/withdraw.go:58.3,58.47 1 0
github.com/syols/go-devops/internal/handlers/withdraw.go:62.3,62.41 1 0
github.com/syols/go-devops/internal/handlers/withdraw.go:48.12,51.4 2 0
github.com/syols/go-devops/internal/handlers/withdraw.go:54.17,57.4 2 0
github.com/syols/go-devops/internal/handlers/withdraw.go:58.47,61.4 2 0
github.com/syols/go-devops/internal/handlers/withdraw.go:66.67,68.52 2 0
github.com/syols/go-devops/internal/handlers/withdraw.go:72.2,74.47 3 0
github.com/syols/go-devops/internal/handlers/withdraw.go:77.2,77.23 1 0
github.com/syols/go-devops/internal/handlers/withdraw.go:68.52,70.3 1 0
github.com/syols/go-devops/internal/handlers/withdraw.go:74.47,76.3 1 0
github.com/syols/go-devops/internal/models/user.go:17.36,19.2 1 0
github.com/syols/go-devops/internal/models/user.go:21.72,23.35 2 0
github.com/syols/go-devops/internal/models/user.go:26.2,26.12 1 0
github.com/syols/go-devops/internal/models/user.go:23.35,25.3 1 0
github.com/syols/go-devops/internal/models/user.go:29.78,31.16 2 0
github.com/syols/go-devops/internal/models/user.go:34.2,34.35 1 0
github.com/syols/go-devops/internal/models/user.go:37.2,37.28 1 0
github.com/syols/go-devops/internal/models/user.go:31.16,33.3 1 0
github.com/syols/go-devops/internal/models/user.go:34.35,36.3 1 0
github.com/syols/go-devops/internal/models/user.go:40.79,42.16 2 0
github.com/syols/go-devops/internal/models/user.go:45.2,45.28 1 0
github.com/syols/go-devops/internal/models/user.go:42.16,44.3 1 0
github.com/syols/go-devops/internal/models/user.go:48.60,50.17 2 0
github.com/syols/go-devops/internal/models/user.go:56.2,56.20 1 0
github.com/syols/go-devops/internal/models/user.go:50.17,51.49 1 0
github.com/syols/go-devops/internal/models/user.go:51.49,53.4 1 0
github.com/syols/go-devops/config/config.go:26.47,28.16 2 0
github.com/syols/go-devops/config/config.go:31.2,31.66 1 0
github.com/syols/go-devops/config/config.go:28.16,30.3 1 0
github.com/syols/go-devops/config/config.go:34.48,35.29 1 0
github.com/syols/go-devops/config/config.go:38.2,38.11 1 0
github.com/syols/go-devops/config/config.go:35.29,37.3 1 0
github.com/syols/go-devops/config/config.go:41.54,43.16 2 0
github.com/syols/go-devops/config/config.go:47.2,47.48 1 0
github.com/syols/go-devops/config/config.go:50.2,50.12 1 0
github.com/syols/go-devops/config/config.go:43.16,45.3 1 0
github.com/syols/go-devops/config/config.go:47.48,49.3 1 0
github.com/syols/go-devops/config/config.go:53.43,54.49 1 0
github.com/syols/go-devops/config/config.go:57.2,57.8 1 0
github.com/syols/go-devops/config/config.go:54.49,56.3 1 0
github.com/syols/go-devops/config/config.go:60.35,62.2 1 0
github.com/syols/go-devops/config/config.go:64.47,65.25 1 0
github.com/syols/go-devops/config/config.go:65.25,66.64 1 0
github.com/syols/go-devops/config/config.go:66.64,67.63 1 0
github.com/syols/go-devops/config/config.go:67.63,70.5 2 0
github.com/syols/go-devops/config/config.go:75.48,76.25 1 0
github.com/syols/go-devops/config/config.go:76.25,78.3 1 0
github.com/syols/go-devops/config/config.go:81.40,82.25 1 0
github.com/syols/go-devops/config/config.go:82.25,84.3 1 0
github.com/syols/go-devops/config/config.go:87.36,88.25 1 0
github.com/syols/go-devops/config/config.go:88.25,90.3 1 0
github.com/syols/go-devops/internal/pkg/authorizer.go:20.53,24.2 1 0
github.com/syols/go-devops/internal/pkg/authorizer.go:26.67,36.2 3 0
github.com/syols/go-devops/internal/pkg/authorizer.go:38.64,40.92 2 0
github.com/syols/go-devops/internal/pkg/authorizer.go:46.2,46.29 1 0
github.com/syols/go-devops/internal/pkg/authorizer.go:40.92,41.58 1 0
github.com/syols/go-devops/internal/pkg/authorizer.go:44.3,44.21 1 0
github.com/syols/go-devops/internal/pkg/authorizer.go:41.58,43.4 1 0
github.com/syols/go-devops/internal/app/gophermart.go:23.56,27.16 4 0
github.com/syols/go-devops/internal/app/gophermart.go:31.2,32.16 2 0
github.com/syols/go-devops/internal/app/gophermart.go:36.2,42.8 1 0
github.com/syols/go-devops/internal/app/gophermart.go:27.16,29.3 1 0
github.com/syols/go-devops/internal/app/gophermart.go:32.16,34.3 1 0
github.com/syols/go-devops/internal/app/gophermart.go:45.24,50.50 4 0
github.com/syols/go-devops/internal/app/gophermart.go:50.50,52.3 1 0
github.com/syols/go-devops/internal/app/gophermart.go:55.82,78.2 18 0
github.com/syols/go-devops/internal/app/gophermart.go:80.48,81.12 1 0
github.com/syols/go-devops/internal/app/gophermart.go:81.12,83.48 2 0
github.com/syols/go-devops/internal/app/gophermart.go:86.3,86.13 1 0
github.com/syols/go-devops/internal/app/gophermart.go:83.48,85.4 1 0
github.com/syols/go-devops/internal/app/consumer.go:15.76,17.16 2 0
github.com/syols/go-devops/internal/app/consumer.go:23.2,25.16 3 0
github.com/syols/go-devops/internal/app/consumer.go:31.2,32.6 2 0
github.com/syols/go-devops/internal/app/consumer.go:17.16,21.3 3 0
github.com/syols/go-devops/internal/app/consumer.go:25.16,29.3 3 0
github.com/syols/go-devops/internal/app/consumer.go:32.6,33.10 1 0
github.com/syols/go-devops/internal/app/consumer.go:34.25,36.18 2 0
github.com/syols/go-devops/internal/app/consumer.go:41.4,41.33 1 0
github.com/syols/go-devops/internal/app/consumer.go:75.21,77.10 2 0
github.com/syols/go-devops/internal/app/consumer.go:36.18,38.13 2 0
github.com/syols/go-devops/internal/app/consumer.go:41.33,44.19 3 0
github.com/syols/go-devops/internal/app/consumer.go:49.5,51.19 3 0
github.com/syols/go-devops/internal/app/consumer.go:56.5,56.45 1 0
github.com/syols/go-devops/internal/app/consumer.go:60.5,60.61 1 0
github.com/syols/go-devops/internal/app/consumer.go:65.5,65.52 1 0
github.com/syols/go-devops/internal/app/consumer.go:71.5,71.48 1 0
github.com/syols/go-devops/internal/app/consumer.go:44.19,46.14 2 0
github.com/syols/go-devops/internal/app/consumer.go:51.19,53.14 2 0
github.com/syols/go-devops/internal/app/consumer.go:56.45,58.6 1 0
github.com/syols/go-devops/internal/app/consumer.go:60.61,62.14 2 0
github.com/syols/go-devops/internal/app/consumer.go:65.52,66.52 1 0
github.com/syols/go-devops/internal/app/consumer.go:66.52,68.7 1 0
github.com/syols/go-devops/internal/app/consumer.go:71.48,73.6 1 0
github.com/syols/go-devops/internal/models/balance.go:15.91,21.16 3 0
github.com/syols/go-devops/internal/models/balance.go:24.2,24.35 1 0
github.com/syols/go-devops/internal/models/balance.go:28.2,29.17 2 0
github.com/syols/go-devops/internal/models/balance.go:35.2,35.20 1 0
github.com/syols/go-devops/internal/models/balance.go:21.16,23.3 1 0
github.com/syols/go-devops/internal/models/balance.go:24.35,26.3 1 0
github.com/syols/go-devops/internal/models/balance.go:29.17,30.49 1 0
github.com/syols/go-devops/internal/models/balance.go:30.49,32.4 1 0
github.com/syols/go-devops/internal/models/order.go:31.68,33.35 2 0
github.com/syols/go-devops/internal/models/order.go:36.2,36.12 1 0
github.com/syols/go-devops/internal/models/order.go:33.35,35.3 1 0
github.com/syols/go-devops/internal/models/order.go:39.51,42.2 2 0
github.com/syols/go-devops/internal/pkg/event.go:20.37,25.16 2 0
github.com/syols/go-devops/internal/pkg/event.go:29.2,30.16 2 0
github.com/syols/go-devops/internal/pkg/event.go:34.2,38.16 3 0
github.com/syols/go-devops/internal/pkg/event.go:41.2,45.8 1 0
github.com/syols/go-devops/internal/pkg/event.go:25.16,27.3 1 0
github.com/syols/go-devops/internal/pkg/event.go:30.16,32.3 1 0
github.com/syols/go-devops/internal/pkg/event.go:38.16,40.3 1 0
github.com/syols/go-devops/internal/pkg/event.go:48.79,54.2 1 0
github.com/syols/go-devops/internal/pkg/event.go:56.72,62.16 2 0
github.com/syols/go-devops/internal/pkg/event.go:65.2,65.48 1 0
github.com/syols/go-devops/internal/pkg/event.go:62.16,64.3 1 0
github.com/syols/go-devops/internal/pkg/event.go:68.61,74.2 2 0
github.com/syols/go-devops/internal/handlers/healthcheck.go:8.34,10.2 1 0
github.com/syols/go-devops/internal/handlers/middleware.go:17.41,18.30 1 0
github.com/syols/go-devops/internal/handlers/middleware.go:18.30,21.17 3 0
github.com/syols/go-devops/internal/handlers/middleware.go:24.3,28.11 5 0
github.com/syols/go-devops/internal/handlers/middleware.go:21.17,23.4 1 0
github.com/syols/go-devops/internal/handlers/middleware.go:32.48,34.28 2 0
github.com/syols/go-devops/internal/handlers/middleware.go:40.2,40.19 1 0
github.com/syols/go-devops/internal/handlers/middleware.go:34.28,36.17 2 0
github.com/syols/go-devops/internal/handlers/middleware.go:36.17,38.4 1 0
github.com/syols/go-devops/internal/handlers/middleware.go:43.81,44.36 1 0
github.com/syols/go-devops/internal/handlers/middleware.go:44.36,46.17 2 0
github.com/syols/go-devops/internal/handlers/middleware.go:52.3,53.48 2 0
github.com/syols/go-devops/internal/handlers/middleware.go:58.3,60.17 3 0
github.com/syols/go-devops/internal/handlers/middleware.go:65.3,67.53 3 0
github.com/syols/go-devops/internal/handlers/middleware.go:72.3,74.17 3 0
github.com/syols/go-devops/internal/handlers/middleware.go:46.17,50.4 3 0
github.com/syols/go-devops/internal/handlers/middleware.go:53.48,56.4 2 0
github.com/syols/go-devops/internal/handlers/middleware.go:60.17,63.4 2 0
github.com/syols/go-devops/internal/handlers/middleware.go:67.53,70.4 2 0
github.com/syols/go-devops/internal/handlers/purchase.go:12.73,13.36 1 0
github.com/syols/go-devops/internal/handlers/purchase.go:13.36,15.17 2 0
github.com/syols/go-devops/internal/handlers/purchase.go:20.3,21.12 2 0
github.com/syols/go-devops/internal/handlers/purchase.go:26.3,27.48 2 0
github.com/syols/go-devops/internal/handlers/purchase.go:32.3,33.17 2 0
github.com/syols/go-devops/internal/handlers/purchase.go:38.3,38.24 1 0
github.com/syols/go-devops/internal/handlers/purchase.go:47.3,47.54 1 0
github.com/syols/go-devops/internal/handlers/purchase.go:52.3,52.18 1 0
github.com/syols/go-devops/internal/handlers/purchase.go:58.3,58.38 1 0
github.com/syols/go-devops/internal/handlers/purchase.go:15.17,18.4 2 0
github.com/syols/go-devops/internal/handlers/purchase.go:21.12,24.4 2 0
github.com/syols/go-devops/internal/handlers/purchase.go:27.48,30.4 2 0
github.com/syols/go-devops/internal/handlers/purchase.go:33.17,36.4 2 0
github.com/syols/go-devops/internal/handlers/purchase.go:38.24,39.44 1 0
github.com/syols/go-devops/internal/handlers/purchase.go:43.4,44.10 2 0
github.com/syols/go-devops/internal/handlers/purchase.go:39.44,42.5 2 0
github.com/syols/go-devops/internal/handlers/purchase.go:47.54,50.4 2 0
github.com/syols/go-devops/internal/handlers/purchase.go:52.18,53.62 1 0
github.com/syols/go-devops/internal/handlers/purchase.go:53.62,56.5 2 0
github.com/syols/go-devops/internal/handlers/purchase.go:62.49,63.36 1 0
github.com/syols/go-devops/internal/handlers/purchase.go:63.36,65.12 2 0
github.com/syols/go-devops/internal/handlers/purchase.go:70.3,71.17 2 0
github.com/syols/go-devops/internal/handlers/purchase.go:75.3,75.47 1 0
github.com/syols/go-devops/internal/handlers/purchase.go:79.3,79.41 1 0
github.com/syols/go-devops/internal/handlers/purchase.go:65.12,68.4 2 0
github.com/syols/go-devops/internal/handlers/purchase.go:71.17,74.4 2 0
github.com/syols/go-devops/internal/handlers/purchase.go:75.47,78.4 2 0
github.com/syols/go-devops/internal/handlers/user.go:11.75,12.36 1 0
github.com/syols/go-devops/internal/handlers/user.go:12.36,14.17 2 0
github.com/syols/go-devops/internal/handlers/user.go:19.3,19.52 1 0
github.com/syols/go-devops/internal/handlers/user.go:24.3,25.17 2 0
github.com/syols/go-devops/internal/handlers/user.go:30.3,31.32 2 0
github.com/syols/go-devops/internal/handlers/user.go:14.17,17.4 2 0
github.com/syols/go-devops/internal/handlers/user.go:19.52,22.4 2 0
github.com/syols/go-devops/internal/handlers/user.go:25.17,28.4 2 0
github.com/syols/go-devops/internal/handlers/user.go:35.72,36.36 1 0
github.com/syols/go-devops/internal/handlers/user.go:36.36,38.17 2 0
github.com/syols/go-devops/internal/handlers/user.go:43.3,44.53 2 0
github.com/syols/go-devops/internal/handlers/user.go:49.3,50.17 2 0
github.com/syols/go-devops/internal/handlers/user.go:54.3,55.32 2 0
github.com/syols/go-devops/internal/handlers/user.go:38.17,41.4 2 0
github.com/syols/go-devops/internal/handlers/user.go:44.53,47.4 2 0
github.com/syols/go-devops/internal/handlers/user.go:50.17,53.4 2 0
github.com/syols/go-devops/internal/handlers/user.go:59.59,61.48 2 0
github.com/syols/go-devops/internal/handlers/user.go:64.2,64.43 1 0
github.com/syols/go-devops/internal/handlers/user.go:67.2,67.19 1 0
github.com/syols/go-devops/internal/handlers/user.go:61.48,63.3 1 0
github.com/syols/go-devops/internal/handlers/user.go:64.43,66.3 1 0
github.com/syols/go-devops/internal/pkg/database.go:24.88,31.2 3 0
github.com/syols/go-devops/internal/pkg/database.go:33.105,35.16 2 0
github.com/syols/go-devops/internal/pkg/database.go:39.2,40.16 2 0
github.com/syols/go-devops/internal/pkg/database.go:43.2,44.37 2 0
github.com/syols/go-devops/internal/pkg/database.go:35.16,37.3 1 0
github.com/syols/go-devops/internal/pkg/database.go:40.16,42.3 1 0
github.com/syols/go-devops/internal/pkg/database.go:47.60,49.11 2 0
github.com/syols/go-devops/internal/pkg/database.go:58.2,58.20 1 0
github.com/syols/go-devops/internal/pkg/database.go:49.11,51.17 2 0
github.com/syols/go-devops/internal/pkg/database.go:55.3,56.31 2 0
github.com/syols/go-devops/internal/pkg/database.go:51.17,53.4 1 0
github.com/syols/go-devops/internal/models/withdraw.go:19.71,21.35 2 0
github.com/syols/go-devops/internal/models/withdraw.go:24.2,24.12 1 0
github.com/syols/go-devops/internal/models/withdraw.go:21.35,23.3 1 0
github.com/syols/go-devops/internal/models/withdraw.go:27.90,35.16 3 0
github.com/syols/go-devops/internal/models/withdraw.go:38.2,38.35 1 0
github.com/syols/go-devops/internal/models/withdraw.go:42.2,43.18 2 0
github.com/syols/go-devops/internal/models/withdraw.go:50.2,50.21 1 0
github.com/syols/go-devops/internal/models/withdraw.go:35.16,37.3 1 0
github.com/syols/go-devops/internal/models/withdraw.go:38.35,40.3 1 0
github.com/syols/go-devops/internal/models/withdraw.go:43.18,45.49 2 0
github.com/syols/go-devops/internal/models/withdraw.go:48.3,48.33 1 0
github.com/syols/go-devops/internal/models/withdraw.go:45.49,47.4 1 0
github.com/syols/go-devops/internal/handlers/middleware.go:17.41,18.30 1 0
github.com/syols/go-devops/internal/handlers/middleware.go:18.30,21.17 3 0
github.com/syols/go-devops/internal/handlers/middleware.go:24.3,28.11 5 0
github.com/syols/go-devops/internal/handlers/middleware.go:21.17,23.4 1 0
github.com/syols/go-devops/internal/handlers/middleware.go:32.48,34.28 2 0
github.com/syols/go-devops/internal/handlers/middleware.go:40.2,40.19 1 0
github.com/syols/go-devops/internal/handlers/middleware.go:34.28,36.17 2 0
github.com/syols/go-devops/internal/handlers/middleware.go:36.17,38.4 1 0
github.com/syols/go-devops/internal/handlers/middleware.go:43.81,44.36 1 0
github.com/syols/go-devops/internal/handlers/middleware.go:44.36,46.17 2 0
github.com/syols/go-devops/internal/handlers/middleware.go:52.3,53.48 2 0
github.com/syols/go-devops/internal/handlers/middleware.go:58.3,60.17 3 0
github.com/syols/go-devops/internal/handlers/middleware.go:65.3,67.53 3 0
github.com/syols/go-devops/internal/handlers/middleware.go:72.3,74.17 3 0
github.com/syols/go-devops/internal/handlers/middleware.go:46.17,50.4 3 0
github.com/syols/go-devops/internal/handlers/middleware.go:53.48,56.4 2 0
github.com/syols/go-devops/internal/handlers/middleware.go:60.17,63.4 2 0
github.com/syols/go-devops/internal/handlers/middleware.go:67.53,70.4 2 0
github.com/syols/go-devops/internal/handlers/user.go:11.75,12.36 1 0
github.com/syols/go-devops/internal/handlers/user.go:12.36,14.17 2 0
github.com/syols/go-devops/internal/handlers/user.go:19.3,19.52 1 0
github.com/syols/go-devops/internal/handlers/user.go:24.3,25.17 2 0
github.com/syols/go-devops/internal/handlers/user.go:30.3,31.32 2 0
github.com/syols/go-devops/internal/handlers/user.go:14.17,17.4 2 0
github.com/syols/go-devops/internal/handlers/user.go:19.52,22.4 2 0
github.com/syols/go-devops/internal/handlers/user.go:25.17,28.4 2 0
github.com/syols/go-devops/internal/handlers/user.go:35.72,36.36 1 0
github.com/syols/go-devops/internal/handlers/user.go:36.36,38.17 2 0
github.com/syols/go-devops/internal/handlers/user.go:43.3,44.53 2 0
github.com/syols/go-devops/internal/handlers/user.go:49.3,50.17 2 0
github.com/syols/go-devops/internal/handlers/user.go:54.3,55.32 2 0
github.com/syols/go-devops/internal/handlers/user.go:38.17,41.4 2 0
github.com/syols/go-devops/internal/handlers/user.go:44.53,47.4 2 0
github.com/syols/go-devops/internal/handlers/user.go:50.17,53.4 2 0
github.com/syols/go-devops/internal/handlers/user.go:59.59,61.48 2 0
github.com/syols/go-devops/internal/handlers/user.go:64.2,64.43 1 0
github.com/syols/go-devops/internal/handlers/user.go:67.2,67.19 1 0
github.com/syols/go-devops/internal/handlers/user.go:61.48,63.3 1 0
github.com/syols/go-devops/internal/handlers/user.go:64.43,66.3 1 0
github.com/syols/go-devops/internal/handlers/withdraw.go:11.54,12.36 1 0
github.com/syols/go-devops/internal/handlers/withdraw.go:12.36,14.12 2 0
github.com/syols/go-devops/internal/handlers/withdraw.go:19.3,20.17 2 0
github.com/syols/go-devops/internal/handlers/withdraw.go:24.3,27.17 3 0
github.com/syols/go-devops/internal/handlers/withdraw.go:32.3,32.39 1 0
github.com/syols/go-devops/internal/handlers/withdraw.go:37.3,37.54 1 0
github.com/syols/go-devops/internal/handlers/withdraw.go:41.3,41.32 1 0
github.com/syols/go-devops/internal/handlers/withdraw.go:14.12,17.4 2 0
github.com/syols/go-devops/internal/handlers/withdraw.go:20.17,23.4 2 0
github.com/syols/go-devops/internal/handlers/withdraw.go:27.17,30.4 2 0
github.com/syols/go-devops/internal/handlers/withdraw.go:32.39,35.4 2 0
github.com/syols/go-devops/internal/handlers/withdraw.go:37.54,40.4 2 0
github.com/syols/go-devops/internal/handlers/withdraw.go:45.51,46.36 1 0
github.com/syols/go-devops/internal/handlers/withdraw.go:46.36,48.12 2 0
github.com/syols/go-devops/internal/handlers/withdraw.go:53.3,54.17 2 0
github.com/syols/go-devops/internal/handlers/withdraw.go:58.3,58.47 1 0
github.com/syols/go-devops/internal/handlers/withdraw.go:62.3,62.41 1 0
github.com/syols/go-devops/internal/handlers/withdraw.go:48.12,51.4 2 0
github.com/syols/go-devops/internal/handlers/withdraw.go:54.17,57.4 2 0
github.com/syols/go-devops/internal/handlers/withdraw.go:58.47,61.4 2 0
github.com/syols/go-devops/internal/handlers/withdraw.go:66.67,68.52 2 0
github.com/syols/go-devops/internal/handlers/withdraw.go:72.2,74.47 3 0
github.com/syols/go-devops/internal/handlers/withdraw.go:77.2,77.23 1 0
github.com/syols/go-devops/internal/handlers/withdraw.go:68.52,70.3 1 0
github.com/syols/go-devops/internal/handlers/withdraw.go:74.47,76.3 1 0
github.com/syols/go-devops/internal/pkg/event.go:20.37,25.16 2 0
github.com/syols/go-devops/internal/pkg/event.go:29.2,30.16 2 0
github.com/syols/go-devops/internal/pkg/event.go:34.2,38.16 3 0
github.com/syols/go-devops/internal/pkg/event.go:41.2,45.8 1 0
github.com/syols/go-devops/internal/pkg/event.go:25.16,27.3 1 0
github.com/syols/go-devops/internal/pkg/event.go:30.16,32.3 1 0
github.com/syols/go-devops/internal/pkg/event.go:38.16,40.3 1 0
github.com/syols/go-devops/internal/pkg/event.go:48.79,54.2 1 0
github.com/syols/go-devops/internal/pkg/event.go:56.72,62.16 2 0
github.com/syols/go-devops/internal/pkg/event.go:65.2,65.48 1 0
github.com/syols/go-devops/internal/pkg/event.go:62.16,64.3 1 0
github.com/syols/go-devops/internal/pkg/event.go:68.61,74.2 2 0
github.com/syols/go-devops/internal/pkg/validator.go:12.13,14.80 2 1
github.com/syols/go-devops/internal/pkg/validator.go:21.2,21.16 1 1
github.com/syols/go-devops/internal/pkg/validator.go:14.80,15.56 1 0
github.com/syols/go-devops/internal/pkg/validator.go:18.3,18.15 1 0
github.com/syols/go-devops/internal/pkg/validator.go:15.56,17.4 1 0
github.com/syols/go-devops/internal/pkg/validator.go:21.16,23.3 1 0
github.com/syols/go-devops/internal/pkg/validator.go:26.36,28.2 1 0
github.com/syols/go-devops/internal/models/order.go:31.68,33.35 2 0
github.com/syols/go-devops/internal/models/order.go:36.2,36.12 1 0
github.com/syols/go-devops/internal/models/order.go:33.35,35.3 1 0
github.com/syols/go-devops/internal/models/order.go:39.51,42.2 2 0
github.com/syols/go-devops/internal/models/user.go:17.36,19.2 1 0
github.com/syols/go-devops/internal/models/user.go:21.72,23.35 2 0
github.com/syols/go-devops/internal/models/user.go:26.2,26.12 1 0
github.com/syols/go-devops/internal/models/user.go:23.35,25.3 1 0
github.com/syols/go-devops/internal/models/user.go:29.78,31.16 2 0
github.com/syols/go-devops/internal/models/user.go:34.2,34.35 1 0
github.com/syols/go-devops/internal/models/user.go:37.2,37.28 1 0
github.com/syols/go-devops/internal/models/user.go:31.16,33.3 1 0
github.com/syols/go-devops/internal/models/user.go:34.35,36.3 1 0
github.com/syols/go-devops/internal/models/user.go:40.79,42.16 2 0
github.com/syols/go-devops/internal/models/user.go:45.2,45.28 1 0
github.com/syols/go-devops/internal/models/user.go:42.16,44.3 1 0
github.com/syols/go-devops/internal/models/user.go:48.60,50.17 2 0
github.com/syols/go-devops/internal/models/user.go:56.2,56.20 1 0
github.com/syols/go-devops/internal/models/user.go:50.17,51.49 1 0
github.com/syols/go-devops/internal/models/user.go:51.49,53.4 1 0
github.com/syols/go-devops/internal/handlers/balance.go:11.47,12.36 1 0
github.com/syols/go-devops/internal/handlers/balance.go:12.36,16.17 3 0
github.com/syols/go-devops/internal/handlers/balance.go:20.3,20.40 1 0
github.com/syols/go-devops/internal/handlers/balance.go:16.17,19.4 2 0
github.com/syols/go-devops/internal/handlers/healthcheck.go:8.34,10.2 1 0
github.com/syols/go-devops/internal/handlers/purchase.go:12.73,13.36 1 0
github.com/syols/go-devops/internal/handlers/purchase.go:13.36,15.17 2 0
github.com/syols/go-devops/internal/handlers/purchase.go:20.3,21.12 2 0
github.com/syols/go-devops/internal/handlers/purchase.go:26.3,27.48 2 0
github.com/syols/go-devops/internal/handlers/purchase.go:32.3,33.17 2 0
github.com/syols/go-devops/internal/handlers/purchase.go:38.3,38.24 1 0
github.com/syols/go-devops/internal/handlers/purchase.go:47.3,47.54 1 0
github.com/syols/go-devops/internal/handlers/purchase.go:52.3,52.18 1 0
github.com/syols/go-devops/internal/handlers/purchase.go:58.3,58.38 1 0
github.com/syols/go-devops/internal/handlers/purchase.go:15.17,18.4 2 0
github.com/syols/go-devops/internal/handlers/purchase.go:21.12,24.4 2 0
github.com/syols/go-devops/internal/handlers/purchase.go:27.48,30.4 2 0
github.com/syols/go-devops/internal/handlers/purchase.go:33.17,36.4 2 0
github.com/syols/go-devops/internal/handlers/purchase.go:38.24,39.44 1 0
github.com/syols/go-devops/internal/handlers/purchase.go:43.4,44.10 2 0
github.com/syols/go-devops/internal/handlers/purchase.go:39.44,42.5 2 0
github.com/syols/go-devops/internal/handlers/purchase.go:47.54,50.4 2 0
github.com/syols/go-devops/internal/handlers/purchase.go:52.18,53.62 1 0
github.com/syols/go-devops/internal/handlers/purchase.go:53.62,56.5 2 0
github.com/syols/go-devops/internal/handlers/purchase.go:62.49,63.36 1 0
github.com/syols/go-devops/internal/handlers/purchase.go:63.36,65.12 2 0
github.com/syols/go-devops/internal/handlers/purchase.go:70.3,71.17 2 0
github.com/syols/go-devops/internal/handlers/purchase.go:75.3,75.47 1 0
github.com/syols/go-devops/internal/handlers/purchase.go:79.3,79.41 1 0
github.com/syols/go-devops/internal/handlers/purchase.go:65.12,68.4 2 0
github.com/syols/go-devops/internal/handlers/purchase.go:71.17,74.4 2 0
github.com/syols/go-devops/internal/handlers/purchase.go:75.47,78.4 2 0
github.com/syols/go-devops/internal/app/consumer.go:15.76,17.16 2 0
github.com/syols/go-devops/internal/app/consumer.go:23.2,25.16 3 0
github.com/syols/go-devops/internal/app/consumer.go:31.2,32.6 2 0
github.com/syols/go-devops/internal/app/consumer.go:17.16,21.3 3 0
github.com/syols/go-devops/internal/app/consumer.go:25.16,29.3 3 0
github.com/syols/go-devops/internal/app/consumer.go:32.6,33.10 1 0
github.com/syols/go-devops/internal/app/consumer.go:34.25,36.18 2 0
github.com/syols/go-devops/internal/app/consumer.go:41.4,41.33 1 0
github.com/syols/go-devops/internal/app/consumer.go:75.21,77.10 2 0
github.com/syols/go-devops/internal/app/consumer.go:36.18,38.13 2 0
github.com/syols/go-devops/internal/app/consumer.go:41.33,44.19 3 0
github.com/syols/go-devops/internal/app/consumer.go:49.5,51.19 3 0
github.com/syols/go-devops/internal/app/consumer.go:56.5,56.45 1 0
github.com/syols/go-devops/internal/app/consumer.go:60.5,60.61 1 0
github.com/syols/go-devops/internal/app/consumer.go:65.5,65.52 1 0
github.com/syols/go-devops/internal/app/consumer.go:71.5,71.48 1 0
github.com/syols/go-devops/internal/app/consumer.go:44.19,46.14 2 0
github.com/syols/go-devops/internal/app/consumer.go:51.19,53.14 2 0
github.com/syols/go-devops/internal/app/consumer.go:56.45,58.6 1 0
github.com/syols/go-devops/internal/app/consumer.go:60.61,62.14 2 0
github.com/syols/go-devops/internal/app/consumer.go:65.52,66.52 1 0
github.com/syols/go-devops/internal/app/consumer.go:66.52,68.7 1 0
github.com/syols/go-devops/internal/app/consumer.go:71.48,73.6 1 0
github.com/syols/go-devops/internal/app/gophermart.go:23.56,27.16 4 0
github.com/syols/go-devops/internal/app/gophermart.go:31.2,32.16 2 0
github.com/syols/go-devops/internal/app/gophermart.go:36.2,42.8 1 0
github.com/syols/go-devops/internal/app/gophermart.go:27.16,29.3 1 0
github.com/syols/go-devops/internal/app/gophermart.go:32.16,34.3 1 0
github.com/syols/go-devops/internal/app/gophermart.go:45.24,50.50 4 0
github.com/syols/go-devops/internal/app/gophermart.go:50.50,52.3 1 0
github.com/syols/go-devops/internal/app/gophermart.go:55.82,78.2 18 0
github.com/syols/go-devops/internal/app/gophermart.go:80.48,81.12 1 0
github.com/syols/go-devops/internal/app/gophermart.go:81.12,83.48 2 0
github.com/syols/go-devops/internal/app/gophermart.go:86.3,86.13 1 0
github.com/syols/go-devops/internal/app/gophermart.go:83.48,85.4 1 0
github.com/syols/go-devops/internal/models/purchase.go:19.54,26.2 1 0
github.com/syols/go-devops/internal/models/purchase.go:28.71,30.35 2 0
github.com/syols/go-devops/internal/models/purchase.go:33.2,33.12 1 0
github.com/syols/go-devops/internal/models/purchase.go:30.35,32.3 1 0
github.com/syols/go-devops/internal/models/purchase.go:36.71,38.35 2 0
github.com/syols/go-devops/internal/models/purchase.go:41.2,41.12 1 0
github.com/syols/go-devops/internal/models/purchase.go:38.35,40.3 1 0
github.com/syols/go-devops/internal/models/purchase.go:44.91,50.16 3 0
github.com/syols/go-devops/internal/models/purchase.go:53.2,53.35 1 0
github.com/syols/go-devops/internal/models/purchase.go:57.2,58.17 2 0
github.com/syols/go-devops/internal/models/purchase.go:64.2,64.17 1 0
github.com/syols/go-devops/internal/models/purchase.go:50.16,52.3 1 0
github.com/syols/go-devops/internal/models/purchase.go:53.35,55.3 1 0
github.com/syols/go-devops/internal/models/purchase.go:58.17,59.49 1 0
github.com/syols/go-devops/internal/models/purchase.go:62.3,62.21 1 0
github.com/syols/go-devops/internal/models/purchase.go:59.49,61.4 1 0
github.com/syols/go-devops/internal/models/purchase.go:67.91,74.16 3 0
github.com/syols/go-devops/internal/models/purchase.go:77.2,77.35 1 0
github.com/syols/go-devops/internal/models/purchase.go:81.2,82.18 2 0
github.com/syols/go-devops/internal/models/purchase.go:89.2,89.21 1 0
github.com/syols/go-devops/internal/models/purchase.go:74.16,76.3 1 0
github.com/syols/go-devops/internal/models/purchase.go:77.35,79.3 1 0
github.com/syols/go-devops/internal/models/purchase.go:82.18,84.49 2 0
github.com/syols/go-devops/internal/models/purchase.go:87.3,87.33 1 0
github.com/syols/go-devops/internal/models/purchase.go:84.49,86.4 1 0
github.com/syols/go-devops/cmd/gophermart/main.go:15.13,19.16 4 0
github.com/syols/go-devops/cmd/gophermart/main.go:23.2,29.16 6 0
github.com/syols/go-devops/cmd/gophermart/main.go:32.2,35.24 3 0
github.com/syols/go-devops/cmd/gophermart/main.go:19.16,21.3 1 0
github.com/syols/go-devops/cmd/gophermart/main.go:29.16,31.3 1 0
github.com/syols/go-devops/cmd/gophermart/main.go:35.24,37.3 1 0
github.com/syols/go-devops/config/enviroment.go:16.45,23.2 2 1
github.com/syols/go-devops/config/enviroment.go:25.53,32.2 1 1
github.com/syols/go-devops/config/enviroment.go:34.60,36.22 2 1
github.com/syols/go-devops/config/enviroment.go:46.2,46.8 1 1
github.com/syols/go-devops/config/enviroment.go:36.22,38.12 2 1
github.com/syols/go-devops/config/enviroment.go:42.3,42.21 1 1
github.com/syols/go-devops/config/enviroment.go:38.12,40.4 1 0
github.com/syols/go-devops/config/enviroment.go:42.21,44.4 1 1
github.com/syols/go-devops/internal/pkg/authorizer.go:20.53,24.2 1 0
github.com/syols/go-devops/internal/pkg/authorizer.go:26.67,36.2 3 0
github.com/syols/go-devops/internal/pkg/authorizer.go:38.64,40.92 2 0
github.com/syols/go-devops/internal/pkg/authorizer.go:46.2,46.29 1 0
github.com/syols/go-devops/internal/pkg/authorizer.go:40.92,41.58 1 0
github.com/syols/go-devops/internal/pkg/authorizer.go:44.3,44.21 1 0
github.com/syols/go-devops/internal/pkg/authorizer.go:41.58,43.4 1 0
github.com/syols/go-devops/internal/pkg/connection.go:29.79,33.2 1 0
github.com/syols/go-devops/internal/pkg/connection.go:35.80,40.2 1 0
github.com/syols/go-devops/internal/pkg/connection.go:42.70,44.2 1 0
github.com/syols/go-devops/internal/pkg/connection.go:46.40,48.16 2 0
github.com/syols/go-devops/internal/pkg/connection.go:51.2,51.71 1 0
github.com/syols/go-devops/internal/pkg/connection.go:54.2,54.12 1 0
github.com/syols/go-devops/internal/pkg/connection.go:48.16,50.3 1 0
github.com/syols/go-devops/internal/pkg/connection.go:51.71,53.3 1 0
github.com/syols/go-devops/internal/pkg/connection.go:57.43,58.26 1 0
github.com/syols/go-devops/internal/pkg/connection.go:58.26,60.17 2 0
github.com/syols/go-devops/internal/pkg/connection.go:60.17,62.4 1 0
github.com/syols/go-devops/internal/pkg/connection.go:66.68,69.2 2 0
github.com/syols/go-devops/internal/pkg/connection.go:71.40,73.2 1 0
github.com/syols/go-devops/internal/pkg/connection.go:75.42,77.2 1 0
github.com/syols/go-devops/internal/models/balance.go:15.91,21.16 3 0
github.com/syols/go-devops/internal/models/balance.go:24.2,24.35 1 0
github.com/syols/go-devops/internal/models/balance.go:28.2,29.17 2 0
github.com/syols/go-devops/internal/models/balance.go:35.2,35.20 1 0
github.com/syols/go-devops/internal/models/balance.go:21.16,23.3 1 0
github.com/syols/go-devops/internal/models/balance.go:24.35,26.3 1 0
github.com/syols/go-devops/internal/models/balance.go:29.17,30.49 1 0
github.com/syols/go-devops/internal/models/balance.go:30.49,32.4 1 0
github.com/syols/go-devops/config/config.go:26.47,28.16 2 0
github.com/syols/go-devops/config/config.go:31.2,31.66 1 0
github.com/syols/go-devops/config/config.go:28.16,30.3 1 0
github.com/syols/go-devops/config/config.go:34.48,35.29 1 1
github.com/syols/go-devops/config/config.go:38.2,38.11 1 1
github.com/syols/go-devops/config/config.go:35.29,37.3 1 1
github.com/syols/go-devops/config/config.go:41.54,43.16 2 0
github.com/syols/go-devops/config/config.go:47.2,47.48 1 0
github.com/syols/go-devops/config/config.go:50.2,50.12 1 0
github.com/syols/go-devops/config/config.go:43.16,45.3 1 0
github.com/syols/go-devops/config/config.go:47.48,49.3 1 0
github.com/syols/go-devops/config/config.go:53.43,54.49 1 0
github.com/syols/go-devops/config/config.go:57.2,57.8 1 0
github.com/syols/go-devops/config/config.go:54.49,56.3 1 0
github.com/syols/go-devops/config/config.go:60.35,62.2 1 1
github.com/syols/go-devops/config/config.go:64.47,65.25 1 1
github.com/syols/go-devops/config/config.go:65.25,66.64 1 1
github.com/syols/go-devops/config/config.go:66.64,67.63 1 1
github.com/syols/go-devops/config/config.go:67.63,70.5 2 1
github.com/syols/go-devops/config/config.go:75.48,76.25 1 1
github.com/syols/go-devops/config/config.go:76.25,78.3 1 1
github.com/syols/go-devops/config/config.go:81.40,82.25 1 1
github.com/syols/go-devops/config/config.go:82.25,84.3 1 1
github.com/syols/go-devops/config/config.go:87.36,88.25 1 1
github.com/syols/go-devops/config/config.go:88.25,90.3 1 1
github.com/syols/go-devops/internal/models/order.go:31.68,33.35 2 0
github.com/syols/go-devops/internal/models/order.go:36.2,36.12 1 0
github.com/syols/go-devops/internal/models/order.go:33.35,35.3 1 0
github.com/syols/go-devops/internal/models/order.go:39.51,42.2 2 1
github.com/syols/go-devops/internal/models/withdraw.go:19.71,21.35 2 1
github.com/syols/go-devops/internal/models/withdraw.go:24.2,24.12 1 1
github.com/syols/go-devops/internal/models/withdraw.go:21.35,23.3 1 0
github.com/syols/go-devops/internal/models/withdraw.go:27.90,35.16 3 1
github.com/syols/go-devops/internal/models/withdraw.go:38.2,38.35 1 0
github.com/syols/go-devops/internal/models/withdraw.go:42.2,43.18 2 0
github.com/syols/go-devops/internal/models/withdraw.go:50.2,50.21 1 0
github.com/syols/go-devops/internal/models/withdraw.go:35.16,37.3 1 1
github.com/syols/go-devops/internal/models/withdraw.go:38.35,40.3 1 0
github.com/syols/go-devops/internal/models/withdraw.go:43.18,45.49 2 0
github.com/syols/go-devops/internal/models/withdraw.go:48.3,48.33 1 0
github.com/syols/go-devops/internal/models/withdraw.go:45.49,47.4 1 0
github.com/syols/go-devops/internal/app/consumer.go:15.76,17.16 2 0
github.com/syols/go-devops/internal/app/consumer.go:23.2,25.16 3 0
github.com/syols/go-devops/internal/app/consumer.go:31.2,32.6 2 0
github.com/syols/go-devops/internal/app/consumer.go:17.16,21.3 3 0
github.com/syols/go-devops/internal/app/consumer.go:25.16,29.3 3 0
github.com/syols/go-devops/internal/app/consumer.go:32.6,33.10 1 0
github.com/syols/go-devops/internal/app/consumer.go:34.25,36.18 2 0
github.com/syols/go-devops/internal/app/consumer.go:41.4,41.33 1 0
github.com/syols/go-devops/internal/app/consumer.go:75.21,77.10 2 0
github.com/syols/go-devops/internal/app/consumer.go:36.18,38.13 2 0
github.com/syols/go-devops/internal/app/consumer.go:41.33,44.19 3 0
github.com/syols/go-devops/internal/app/consumer.go:49.5,51.19 3 0
github.com/syols/go-devops/internal/app/consumer.go:56.5,56.45 1 0
github.com/syols/go-devops/internal/app/consumer.go:60.5,60.61 1 0
github.com/syols/go-devops/internal/app/consumer.go:65.5,65.52 1 0
github.com/syols/go-devops/internal/app/consumer.go:71.5,71.48 1 0
github.com/syols/go-devops/internal/app/consumer.go:44.19,46.14 2 0
github.com/syols/go-devops/internal/app/consumer.go:51.19,53.14 2 0
github.com/syols/go-devops/internal/app/consumer.go:56.45,58.6 1 0
github.com/syols/go-devops/internal/app/consumer.go:60.61,62.14 2 0
github.com/syols/go-devops/internal/app/consumer.go:65.52,66.52 1 0
github.com/syols/go-devops/internal/app/consumer.go:66.52,68.7 1 0
github.com/syols/go-devops/internal/app/consumer.go:71.48,73.6 1 0
github.com/syols/go-devops/internal/app/gophermart.go:23.56,27.16 4 0
github.com/syols/go-devops/internal/app/gophermart.go:31.2,32.16 2 0
github.com/syols/go-devops/internal/app/gophermart.go:36.2,42.8 1 0
github.com/syols/go-devops/internal/app/gophermart.go:27.16,29.3 1 0
github.com/syols/go-devops/internal/app/gophermart.go:32.16,34.3 1 0
github.com/syols/go-devops/internal/app/gophermart.go:45.24,50.50 4 0
github.com/syols/go-devops/internal/app/gophermart.go:50.50,52.3 1 0
github.com/syols/go-devops/internal/app/gophermart.go:55.82,78.2 18 0
github.com/syols/go-devops/internal/app/gophermart.go:80.48,81.12 1 0
github.com/syols/go-devops/internal/app/gophermart.go:81.12,83.48 2 0
github.com/syols/go-devops/internal/app/gophermart.go:86.3,86.13 1 0
github.com/syols/go-devops/internal/app/gophermart.go:83.48,85.4 1 0
github.com/syols/go-devops/internal/handlers/healthcheck.go:8.34,10.2 1 1
github.com/syols/go-devops/internal/pkg/authorizer.go:20.53,24.2 1 1
github.com/syols/go-devops/internal/pkg/authorizer.go:26.67,36.2 3 1
github.com/syols/go-devops/internal/pkg/authorizer.go:38.64,40.92 2 1
github.com/syols/go-devops/internal/pkg/authorizer.go:46.2,46.29 1 1
github.com/syols/go-devops/internal/pkg/authorizer.go:40.92,41.58 1 1
github.com/syols/go-devops/internal/pkg/authorizer.go:44.3,44.21 1 1
github.com/syols/go-devops/internal/pkg/authorizer.go:41.58,43.4 1 0
github.com/syols/go-devops/internal/pkg/event.go:20.37,25.16 2 0
github.com/syols/go-devops/internal/pkg/event.go:29.2,30.16 2 0
github.com/syols/go-devops/internal/pkg/event.go:34.2,38.16 3 0
github.com/syols/go-devops/internal/pkg/event.go:41.2,45.8 1 0
github.com/syols/go-devops/internal/pkg/event.go:25.16,27.3 1 0
github.com/syols/go-devops/internal/pkg/event.go:30.16,32.3 1 0
github.com/syols/go-devops/internal/pkg/event.go:38.16,40.3 1 0
github.com/syols/go-devops/internal/pkg/event.go:48.79,54.2 1 0
github.com/syols/go-devops/internal/pkg/event.go:56.72,62.16 2 0
github.com/syols/go-devops/internal/pkg/event.go:65.2,65.48 1 0
github.com/syols/go-devops/internal/pkg/event.go:62.16,64.3 1 0
github.com/syols/go-devops/internal/pkg/event.go:68.61,74.2 2 0
github.com/syols/go-devops/internal/models/balance.go:15.91,21.16 3 1
github.com/syols/go-devops/internal/models/balance.go:24.2,24.35 1 1
github.com/syols/go-devops/internal/models/balance.go:28.2,29.17 2 1
github.com/syols/go-devops/internal/models/balance.go:35.2,35.20 1 1
github.com/syols/go-devops/internal/models/balance.go:21.16,23.3 1 0
github.com/syols/go-devops/internal/models/balance.go:24.35,26.3 1 0
github.com/syols/go-devops/internal/models/balance.go:29.17,30.49 1 1
github.com/syols/go-devops/internal/models/balance.go:30.49,32.4 1 0
github.com/syols/go-devops/internal/models/purchase.go:19.54,26.2 1 0
github.com/syols/go-devops/internal/models/purchase.go:28.71,30.35 2 0
github.com/syols/go-devops/internal/models/purchase.go:33.2,33.12 1 0
github.com/syols/go-devops/internal/models/purchase.go:30.35,32.3 1 0
github.com/syols/go-devops/internal/models/purchase.go:36.71,38.35 2 0
github.com/syols/go-devops/internal/models/purchase.go:41.2,41.12 1 0
github.com/syols/go-devops/internal/models/purchase.go:38.35,40.3 1 0
github.com/syols/go-devops/internal/models/purchase.go:44.91,50.16 3 0
github.com/syols/go-devops/internal/models/purchase.go:53.2,53.35 1 0
github.com/syols/go-devops/internal/models/purchase.go:57.2,58.17 2 0
github.com/syols/go-devops/internal/models/purchase.go:64.2,64.17 1 0
github.com/syols/go-devops/internal/models/purchase.go:50.16,52.3 1 0
github.com/syols/go-devops/internal/models/purchase.go:53.35,55.3 1 0
github.com/syols/go-devops/internal/models/purchase.go:58.17,59.49 1 0
github.com/syols/go-devops/internal/models/purchase.go:62.3,62.21 1 0
github.com/syols/go-devops/internal/models/purchase.go:59.49,61.4 1 0
github.com/syols/go-devops/internal/models/purchase.go:67.91,74.16 3 1
github.com/syols/go-devops/internal/models/purchase.go:77.2,77.35 1 1
github.com/syols/go-devops/internal/models/purchase.go:81.2,82.18 2 1
github.com/syols/go-devops/internal/models/purchase.go:89.2,89.21 1 1
github.com/syols/go-devops/internal/models/purchase.go:74.16,76.3 1 0
github.com/syols/go-devops/internal/models/purchase.go:77.35,79.3 1 0
github.com/syols/go-devops/internal/models/purchase.go:82.18,84.49 2 1
github.com/syols/go-devops/internal/models/purchase.go:87.3,87.33 1 1
github.com/syols/go-devops/internal/models/purchase.go:84.49,86.4 1 0
github.com/syols/go-devops/internal/handlers/purchase.go:12.73,13.36 1 1
github.com/syols/go-devops/internal/handlers/purchase.go:13.36,15.17 2 0
github.com/syols/go-devops/internal/handlers/purchase.go:20.3,21.12 2 0
github.com/syols/go-devops/internal/handlers/purchase.go:26.3,27.48 2 0
github.com/syols/go-devops/internal/handlers/purchase.go:32.3,33.17 2 0
github.com/syols/go-devops/internal/handlers/purchase.go:38.3,38.24 1 0
github.com/syols/go-devops/internal/handlers/purchase.go:47.3,47.54 1 0
github.com/syols/go-devops/internal/handlers/purchase.go:52.3,52.18 1 0
github.com/syols/go-devops/internal/handlers/purchase.go:58.3,58.38 1 0
github.com/syols/go-devops/internal/handlers/purchase.go:15.17,18.4 2 0
github.com/syols/go-devops/internal/handlers/purchase.go:21.12,24.4 2 0
github.com/syols/go-devops/internal/handlers/purchase.go:27.48,30.4 2 0
github.com/syols/go-devops/internal/handlers/purchase.go:33.17,36.4 2 0
github.com/syols/go-devops/internal/handlers/purchase.go:38.24,39.44 1 0
github.com/syols/go-devops/internal/handlers/purchase.go:43.4,44.10 2 0
github.com/syols/go-devops/internal/handlers/purchase.go:39.44,42.5 2 0
github.com/syols/go-devops/internal/handlers/purchase.go:47.54,50.4 2 0
github.com/syols/go-devops/internal/handlers/purchase.go:52.18,53.62 1 0
github.com/syols/go-devops/internal/handlers/purchase.go:53.62,56.5 2 0
github.com/syols/go-devops/internal/handlers/purchase.go:62.49,63.36 1 1
github.com/syols/go-devops/internal/handlers/purchase.go:63.36,65.12 2 1
github.com/syols/go-devops/internal/handlers/purchase.go:70.3,71.17 2 1
github.com/syols/go-devops/internal/handlers/purchase.go:75.3,75.47 1 1
github.com/syols/go-devops/internal/handlers/purchase.go:79.3,79.41 1 1
github.com/syols/go-devops/internal/handlers/purchase.go:65.12,68.4 2 0
github.com/syols/go-devops/internal/handlers/purchase.go:71.17,74.4 2 0
github.com/syols/go-devops/internal/handlers/purchase.go:75.47,78.4 2 0
github.com/syols/go-devops/internal/handlers/user.go:11.75,12.36 1 1
github.com/syols/go-devops/internal/handlers/user.go:12.36,14.17 2 1
github.com/syols/go-devops/internal/handlers/user.go:19.3,19.52 1 1
github.com/syols/go-devops/internal/handlers/user.go:24.3,25.17 2 1
github.com/syols/go-devops/internal/handlers/user.go:30.3,31.32 2 1
github.com/syols/go-devops/internal/handlers/user.go:14.17,17.4 2 0
github.com/syols/go-devops/internal/handlers/user.go:19.52,22.4 2 0
github.com/syols/go-devops/internal/handlers/user.go:25.17,28.4 2 0
github.com/syols/go-devops/internal/handlers/user.go:35.72,36.36 1 1
github.com/syols/go-devops/internal/handlers/user.go:36.36,38.17 2 1
github.com/syols/go-devops/internal/handlers/user.go:43.3,44.53 2 1
github.com/syols/go-devops/internal/handlers/user.go:49.3,50.17 2 1
github.com/syols/go-devops/internal/handlers/user.go:54.3,55.32 2 1
github.com/syols/go-devops/internal/handlers/user.go:38.17,41.4 2 0
github.com/syols/go-devops/internal/handlers/user.go:44.53,47.4 2 0
github.com/syols/go-devops/internal/handlers/user.go:50.17,53.4 2 0
github.com/syols/go-devops/internal/handlers/user.go:59.59,61.48 2 1
github.com/syols/go-devops/internal/handlers/user.go:64.2,64.43 1 1
github.com/syols/go-devops/internal/handlers/user.go:67.2,67.19 1 1
github.com/syols/go-devops/internal/handlers/user.go:61.48,63.3 1 0
github.com/syols/go-devops/internal/handlers/user.go:64.43,66.3 1 0
github.com/syols/go-devops/config/config.go:26.47,28.16 2 0
github.com/syols/go-devops/config/config.go:31.2,31.66 1 0
github.com/syols/go-devops/config/config.go:28.16,30.3 1 0
github.com/syols/go-devops/config/config.go:34.48,35.29 1 0
github.com/syols/go-devops/config/config.go:38.2,38.11 1 0
github.com/syols/go-devops/config/config.go:35.29,37.3 1 0
github.com/syols/go-devops/config/config.go:41.54,43.16 2 0
github.com/syols/go-devops/config/config.go:47.2,47.48 1 0
github.com/syols/go-devops/config/config.go:50.2,50.12 1 0
github.com/syols/go-devops/config/config.go:43.16,45.3 1 0
github.com/syols/go-devops/config/config.go:47.48,49.3 1 0
github.com/syols/go-devops/config/config.go:53.43,54.49 1 0
github.com/syols/go-devops/config/config.go:57.2,57.8 1 0
github.com/syols/go-devops/config/config.go:54.49,56.3 1 0
github.com/syols/go-devops/config/config.go:60.35,62.2 1 0
github.com/syols/go-devops/config/config.go:64.47,65.25 1 0
github.com/syols/go-devops/config/config.go:65.25,66.64 1 0
github.com/syols/go-devops/config/config.go:66.64,67.63 1 0
github.com/syols/go-devops/config/config.go:67.63,70.5 2 0
github.com/syols/go-devops/config/config.go:75.48,76.25 1 0
github.com/syols/go-devops/config/config.go:76.25,78.3 1 0
github.com/syols/go-devops/config/config.go:81.40,82.25 1 0
github.com/syols/go-devops/config/config.go:82.25,84.3 1 0
github.com/syols/go-devops/config/config.go:87.36,88.25 1 0
github.com/syols/go-devops/config/config.go:88.25,90.3 1 0
github.com/syols/go-devops/config/enviroment.go:16.45,23.2 2 0
github.com/syols/go-devops/config/enviroment.go:25.53,32.2 1 0
github.com/syols/go-devops/config/enviroment.go:34.60,36.22 2 0
github.com/syols/go-devops/config/enviroment.go:46.2,46.8 1 0
github.com/syols/go-devops/config/enviroment.go:36.22,38.12 2 0
github.com/syols/go-devops/config/enviroment.go:42.3,42.21 1 0
github.com/syols/go-devops/config/enviroment.go:38.12,40.4 1 0
github.com/syols/go-devops/config/enviroment.go:42.21,44.4 1 0
github.com/syols/go-devops/internal/pkg/database.go:24.88,31.2 3 1
github.com/syols/go-devops/internal/pkg/database.go:33.105,35.16 2 1
github.com/syols/go-devops/internal/pkg/database.go:39.2,40.16 2 1
github.com/syols/go-devops/internal/pkg/database.go:43.2,44.37 2 1
github.com/syols/go-devops/internal/pkg/database.go:35.16,37.3 1 1
github.com/syols/go-devops/internal/pkg/database.go:40.16,42.3 1 0
github.com/syols/go-devops/internal/pkg/database.go:47.60,49.11 2 1
github.com/syols/go-devops/internal/pkg/database.go:58.2,58.20 1 1
github.com/syols/go-devops/internal/pkg/database.go:49.11,51.17 2 1
github.com/syols/go-devops/internal/pkg/database.go:55.3,56.31 2 0
github.com/syols/go-devops/internal/pkg/database.go:51.17,53.4 1 1
github.com/syols/go-devops/internal/models/user.go:17.36,19.2 1 0
github.com/syols/go-devops/internal/models/user.go:21.72,23.35 2 1
github.com/syols/go-devops/internal/models/user.go:26.2,26.12 1 1
github.com/syols/go-devops/internal/models/user.go:23.35,25.3 1 0
github.com/syols/go-devops/internal/models/user.go:29.78,31.16 2 1
github.com/syols/go-devops/internal/models/user.go:34.2,34.35 1 1
github.com/syols/go-devops/internal/models/user.go:37.2,37.28 1 1
github.com/syols/go-devops/internal/models/user.go:31.16,33.3 1 0
github.com/syols/go-devops/internal/models/user.go:34.35,36.3 1 0
github.com/syols/go-devops/internal/models/user.go:40.79,42.16 2 1
github.com/syols/go-devops/internal/models/user.go:45.2,45.28 1 1
github.com/syols/go-devops/internal/models/user.go:42.16,44.3 1 0
github.com/syols/go-devops/internal/models/user.go:48.60,50.17 2 1
github.com/syols/go-devops/internal/models/user.go:56.2,56.20 1 1
github.com/syols/go-devops/internal/models/user.go:50.17,51.49 1 1
github.com/syols/go-devops/internal/models/user.go:51.49,53.4 1 0
github.com/syols/go-devops/internal/handlers/balance.go:11.47,12.36 1 1
github.com/syols/go-devops/internal/handlers/balance.go:12.36,16.17 3 1
github.com/syols/go-devops/internal/handlers/balance.go:20.3,20.40 1 1
github.com/syols/go-devops/internal/handlers/balance.go:16.17,19.4 2 0
github.com/syols/go-devops/internal/pkg/connection.go:29.79,33.2 1 0
github.com/syols/go-devops/internal/pkg/connection.go:35.80,40.2 1 1
github.com/syols/go-devops/internal/pkg/connection.go:42.70,44.2 1 0
github.com/syols/go-devops/internal/pkg/connection.go:46.40,48.16 2 0
github.com/syols/go-devops/internal/pkg/connection.go:51.2,51.71 1 0
github.com/syols/go-devops/internal/pkg/connection.go:54.2,54.12 1 0
github.com/syols/go-devops/internal/pkg/connection.go:48.16,50.3 1 0
github.com/syols/go-devops/internal/pkg/connection.go:51.71,53.3 1 0
github.com/syols/go-devops/internal/pkg/connection.go:57.43,58.26 1 0
github.com/syols/go-devops/internal/pkg/connection.go:58.26,60.17 2 0
github.com/syols/go-devops/internal/pkg/connection.go:60.17,62.4 1 0
github.com/syols/go-devops/internal/pkg/connection.go:66.68,69.2 2 1
github.com/syols/go-devops/internal/pkg/connection.go:71.40,73.2 1 1
github.com/syols/go-devops/internal/pkg/connection.go:75.42,77.2 1 1
github.com/syols/go-devops/internal/pkg/validator.go:12.13,14.80 2 1
github.com/syols/go-devops/internal/pkg/validator.go:21.2,21.16 1 1
github.com/syols/go-devops/internal/pkg/validator.go:14.80,15.56 1 1
github.com/syols/go-devops/internal/pkg/validator.go:18.3,18.15 1 0
github.com/syols/go-devops/internal/pkg/validator.go:15.56,17.4 1 1
github.com/syols/go-devops/internal/pkg/validator.go:21.16,23.3 1 0
github.com/syols/go-devops/internal/pkg/validator.go:26.36,28.2 1 1
github.com/syols/go-devops/cmd/gophermart/main.go:15.13,19.16 4 0
github.com/syols/go-devops/cmd/gophermart/main.go:23.2,29.16 6 0
github.com/syols/go-devops/cmd/gophermart/main.go:32.2,35.24 3 0
github.com/syols/go-devops/cmd/gophermart/main.go:19.16,21.3 1 0
github.com/syols/go-devops/cmd/gophermart/main.go:29.16,31.3 1 0
github.com/syols/go-devops/cmd/gophermart/main.go:35.24,37.3 1 0
github.com/syols/go-devops/internal/handlers/middleware.go:17.41,18.30 1 0
github.com/syols/go-devops/internal/handlers/middleware.go:18.30,21.17 3 0
github.com/syols/go-devops/internal/handlers/middleware.go:24.3,28.11 5 0
github.com/syols/go-devops/internal/handlers/middleware.go:21.17,23.4 1 0
github.com/syols/go-devops/internal/handlers/middleware.go:32.48,34.28 2 0
github.com/syols/go-devops/internal/handlers/middleware.go:40.2,40.19 1 0
github.com/syols/go-devops/internal/handlers/middleware.go:34.28,36.17 2 0
github.com/syols/go-devops/internal/handlers/middleware.go:36.17,38.4 1 0
github.com/syols/go-devops/internal/handlers/middleware.go:43.81,44.36 1 1
github.com/syols/go-devops/internal/handlers/middleware.go:44.36,46.17 2 1
github.com/syols/go-devops/internal/handlers/middleware.go:52.3,53.48 2 1
github.com/syols/go-devops/internal/handlers/middleware.go:58.3,60.17 3 1
github.com/syols/go-devops/internal/handlers/middleware.go:65.3,67.53 3 1
github.com/syols/go-devops/internal/handlers/middleware.go:72.3,74.17 3 1
github.com/syols/go-devops/internal/handlers/middleware.go:46.17,50.4 3 0
github.com/syols/go-devops/internal/handlers/middleware.go:53.48,56.4 2 0
github.com/syols/go-devops/internal/handlers/middleware.go:60.17,63.4 2 0
github.com/syols/go-devops/internal/handlers/middleware.go:67.53,70.4 2 0
github.com/syols/go-devops/internal/handlers/withdraw.go:11.54,12.36 1 1
github.com/syols/go-devops/internal/handlers/withdraw.go:12.36,14.12 2 1
github.com/syols/go-devops/internal/handlers/withdraw.go:19.3,20.17 2 1
github.com/syols/go-devops/internal/handlers/withdraw.go:24.3,27.17 3 1
github.com/syols/go-devops/internal/handlers/withdraw.go:32.3,32.39 1 1
github.com/syols/go-devops/internal/handlers/withdraw.go:37.3,37.54 1 1
github.com/syols/go-devops/internal/handlers/withdraw.go:41.3,41.32 1 1
github.com/syols/go-devops/internal/handlers/withdraw.go:14.12,17.4 2 0
github.com/syols/go-devops/internal/handlers/withdraw.go:20.17,23.4 2 0
github.com/syols/go-devops/internal/handlers/withdraw.go:27.17,30.4 2 0
github.com/syols/go-devops/internal/handlers/withdraw.go:32.39,35.4 2 0
github.com/syols/go-devops/internal/handlers/withdraw.go:37.54,40.4 2 0
github.com/syols/go-devops/internal/handlers/withdraw.go:45.51,46.36 1 1
github.com/syols/go-devops/internal/handlers/withdraw.go:46.36,48.12 2 1
github.com/syols/go-devops/internal/handlers/withdraw.go:53.3,54.17 2 1
github.com/syols/go-devops/internal/handlers/withdraw.go:58.3,58.47 1 0
github.com/syols/go-devops/internal/handlers/withdraw.go:62.3,62.41 1 0
github.com/syols/go-devops/internal/handlers/withdraw.go:48.12,51.4 2 0
github.com/syols/go-devops/internal/handlers/withdraw.go:54.17,57.4 2 1
github.com/syols/go-devops/internal/handlers/withdraw.go:58.47,61.4 2 0
github.com/syols/go-devops/internal/handlers/withdraw.go:66.67,68.52 2 1
github.com/syols/go-devops/internal/handlers/withdraw.go:72.2,74.47 3 1
github.com/syols/go-devops/internal/handlers/withdraw.go:77.2,77.23 1 1
github.com/syols/go-devops/internal/handlers/withdraw.go:68.52,70.3 1 0
github.com/syols/go-devops/internal/handlers/withdraw.go:74.47,76.3 1 0
github.com/syols/go-devops/internal/handlers/balance.go:11.47,12.36 1 0
github.com/syols/go-devops/internal/handlers/balance.go:12.36,16.17 3 0
github.com/syols/go-devops/internal/handlers/balance.go:20.3,20.40 1 0
github.com/syols/go-devops/internal/handlers/balance.go:16.17,19.4 2 0
github.com/syols/go-devops/internal/pkg/connection.go:29.79,33.2 1 0
github.com/syols/go-devops/internal/pkg/connection.go:35.80,40.2 1 0
github.com/syols/go-devops/internal/pkg/connection.go:42.70,44.2 1 0
github.com/syols/go-devops/internal/pkg/connection.go:46.40,48.16 2 0
github.com/syols/go-devops/internal/pkg/connection.go:51.2,51.71 1 0
github.com/syols/go-devops/internal/pkg/connection.go:54.2,54.12 1 0
github.com/syols/go-devops/internal/pkg/connection.go:48.16,50.3 1 0
github.com/syols/go-devops/internal/pkg/connection.go:51.71,53.3 1 0
github.com/syols/go-devops/internal/pkg/connection.go:57.43,58.26 1 0
github.com/syols/go-devops/internal/pkg/connection.go:58.26,60.17 2 0
github.com/syols/go-devops/internal/pkg/connection.go:60.17,62.4 1 0
github.com/syols/go-devops/internal/pkg/connection.go:66.68,69.2 2 0
github.com/syols/go-devops/internal/pkg/connection.go:71.40,73.2 1 0
github.com/syols/go-devops/internal/pkg/connection.go:75.42,77.2 1 0
github.com/syols/go-devops/internal/models/user.go:17.36,19.2 1 0
github.com/syols/go-devops/internal/models/user.go:21.72,23.35 2 0
github.com/syols/go-devops/internal/models/user.go:26.2,26.12 1 0
github.com/syols/go-devops/internal/models/user.go:23.35,25.3 1 0
github.com/syols/go-devops/internal/models/user.go:29.78,31.16 2 0
github.com/syols/go-devops/internal/models/user.go:34.2,34.35 1 0
github.com/syols/go-devops/internal/models/user.go:37.2,37.28 1 0
github.com/syols/go-devops/internal/models/user.go:31.16,33.3 1 0
github.com/syols/go-devops/internal/models/user.go:34.35,36.3 1 0
github.com/syols/go-devops/internal/models/user.go:40.79,42.16 2 0
github.com/syols/go-devops/internal/models/user.go:45.2,45.28 1 0
github.com/syols/go-devops/internal/models/user.go:42.16,44.3 1 0
github.com/syols/go-devops/internal/models/user.go:48.60,50.17 2 0
github.com/syols/go-devops/internal/models/user.go:56.2,56.20 1 0
github.com/syols/go-devops/internal/models/user.go:50.17,51.49 1 0
github.com/syols/go-devops/internal/models/user.go:51.49,53.4 1 0
github.com/syols/go-devops/internal/handlers/middleware.go:17.41,18.30 1 0
github.com/syols/go-devops/internal/handlers/middleware.go:18.30,21.17 3 0
github.com/syols/go-devops/internal/handlers/middleware.go:24.3,28.11 5 0
github.com/syols/go-devops/internal/handlers/middleware.go:21.17,23.4 1 0
github.com/syols/go-devops/internal/handlers/middleware.go:32.48,34.28 2 0
github.com/syols/go-devops/internal/handlers/middleware.go:40.2,40.19 1 0
github.com/syols/go-devops/internal/handlers/middleware.go:34.28,36.17 2 0
github.com/syols/go-devops/internal/handlers/middleware.go:36.17,38.4 1 0
github.com/syols/go-devops/internal/handlers/middleware.go:43.81,44.36 1 0
github.com/syols/go-devops/internal/handlers/middleware.go:44.36,46.17 2 0
github.com/syols/go-devops/internal/handlers/middleware.go:52.3,53.48 2 0
github.com/syols/go-devops/internal/handlers/middleware.go:58.3,60.17 3 0
github.com/syols/go-devops/internal/handlers/middleware.go:65.3,67.53 3 0
github.com/syols/go-devops/internal/handlers/middleware.go:72.3,74.17 3 0
github.com/syols/go-devops/internal/handlers/middleware.go:46.17,50.4 3 0
github.com/syols/go-devops/internal/handlers/middleware.go:53.48,56.4 2 0
github.com/syols/go-devops/internal/handlers/middleware.go:60.17,63.4 2 0
github.com/syols/go-devops/internal/handlers/middleware.go:67.53,70.4 2 0
github.com/syols/go-devops/internal/handlers/user.go:11.75,12.36 1 0
github.com/syols/go-devops/internal/handlers/user.go:12.36,14.17 2 0
github.com/syols/go-devops/internal/handlers/user.go:19.3,19.52 1 0
github.com/syols/go-devops/internal/handlers/user.go:24.3,25.17 2 0
github.com/syols/go-devops/internal/handlers/user.go:30.3,31.32 2 0
github.com/syols/go-devops/internal/handlers/user.go:14.17,17.4 2 0
github.com/syols/go-devops/internal/handlers/user.go:19.52,22.4 2 0
github.com/syols/go-devops/internal/handlers/user.go:25.17,28.4 2 0
github.com/syols/go-devops/internal/handlers/user.go:35.72,36.36 1 0
github.com/syols/go-devops/internal/handlers/user.go:36.36,38.17 2 0
github.com/syols/go-devops/internal/handlers/user.go:43.3,44.53 2 0
github.com/syols/go-devops/internal/handlers/user.go:49.3,50.17 2 0
github.com/syols/go-devops/internal/handlers/user.go:54.3,55.32 2 0
github.com/syols/go-devops/internal/handlers/user.go:38.17,41.4 2 0
github.com/syols/go-devops/internal/handlers/user.go:44.53,47.4 2 0
github.com/syols/go-devops/internal/handlers/user.go:50.17,53.4 2 0
github.com/syols/go-devops/internal/handlers/user.go:59.59,61.48 2 0
github.com/syols/go-devops/internal/handlers/user.go:64.2,64.43 1 0
github.com/syols/go-devops/internal/handlers/user.go:67.2,67.19 1 0
github.com/syols/go-devops/internal/handlers/user.go:61.48,63.3 1 0
github.com/syols/go-devops/internal/handlers/user.go:64.43,66.3 1 0
github.com/syols/go-devops/internal/handlers/withdraw.go:11.54,12.36 1 0
github.com/syols/go-devops/internal/handlers/withdraw.go:12.36,14.12 2 0
github.com/syols/go-devops/internal/handlers/withdraw.go:19.3,20.17 2 0
github.com/syols/go-devops/internal/handlers/withdraw.go:24.3,27.17 3 0
github.com/syols/go-devops/internal/handlers/withdraw.go:32.3,32.39 1 0
github.com/syols/go-devops/internal/handlers/withdraw.go:37.3,37.54 1 0
github.com/syols/go-devops/internal/handlers/withdraw.go:41.3,41.32 1 0
github.com/syols/go-devops/internal/handlers/withdraw.go:14.12,17.4 2 0
github.com/syols/go-devops/internal/handlers/withdraw.go:20.17,23.4 2 0
github.com/syols/go-devops/internal/handlers/withdraw.go:27.17,30.4 2 0
github.com/syols/go-devops/internal/handlers/withdraw.go:32.39,35.4 2 0
github.com/syols/go-devops/internal/handlers/withdraw.go:37.54,40.4 2 0
github.com/syols/go-devops/internal/handlers/withdraw.go:45.51,46.36 1 0
github.com/syols/go-devops/internal/handlers/withdraw.go:46.36,48.12 2 0
github.com/syols/go-devops/internal/handlers/withdraw.go:53.3,54.17 2 0
github.com/syols/go-devops/internal/handlers/withdraw.go:58.3,58.47 1 0
github.com/syols/go-devops/internal/handlers/withdraw.go:62.3,62.41 1 0
github.com/syols/go-devops/internal/handlers/withdraw.go:48.12,51.4 2 0
github.com/syols/go-devops/internal/handlers/withdraw.go:54.17,57.4 2 0
github.com/syols/go-devops/internal/handlers/withdraw.go:58.47,61.4 2 0
github.com/syols/go-devops/internal/handlers/withdraw.go:66.67,68.52 2 0
github.com/syols/go-devops/internal/handlers/withdraw.go:72.2,74.47 3 0
github.com/syols/go-devops/internal/handlers/withdraw.go:77.2,77.23 1 0
github.com/syols/go-devops/internal/handlers/withdraw.go:68.52,70.3 1 0
github.com/syols/go-devops/internal/handlers/withdraw.go:74.47,76.3 1 0
github.com/syols/go-devops/internal/app/consumer.go:15.76,17.16 2 0
github.com/syols/go-devops/internal/app/consumer.go:23.2,25.16 3 0
github.com/syols/go-devops/internal/app/consumer.go:31.2,32.6 2 0
github.com/syols/go-devops/internal/app/consumer.go:17.16,21.3 3 0
github.com/syols/go-devops/internal/app/consumer.go:25.16,29.3 3 0
github.com/syols/go-devops/internal/app/consumer.go:32.6,33.10 1 0
github.com/syols/go-devops/internal/app/consumer.go:34.25,36.18 2 0
github.com/syols/go-devops/internal/app/consumer.go:41.4,41.33 1 0
github.com/syols/go-devops/internal/app/consumer.go:75.21,77.10 2 0
github.com/syols/go-devops/internal/app/consumer.go:36.18,38.13 2 0
github.com/syols/go-devops/internal/app/consumer.go:41.33,44.19 3 0
github.com/syols/go-devops/internal/app/consumer.go:49.5,51.19 3 0
github.com/syols/go-devops/internal/app/consumer.go:56.5,56.45 1 0
github.com/syols/go-devops/internal/app/consumer.go:60.5,60.61 1 0
github.com/syols/go-devops/internal/app/consumer.go:65.5,65.52 1 0
github.com/syols/go-devops/internal/app/consumer.go:71.5,71.48 1 0
github.com/syols/go-devops/internal/app/consumer.go:44.19,46.14 2 0
github.com/syols/go-devops/internal/app/consumer.go:51.19,53.14 2 0
github.com/syols/go-devops/internal/app/consumer.go:56.45,58.6 1 0
github.com/syols/go-devops/internal/app/consumer.go:60.61,62.14 2 0
github.com/syols/go-devops/internal/app/consumer.go:65.52,66.52 1 0
github.com/syols/go-devops/internal/app/consumer.go:66.52,68.7 1 0
github.com/syols/go-devops/internal/app/consumer.go:71.48,73.6 1 0
github.com/syols/go-devops/internal/app/gophermart.go:23.56,27.16 4 0
github.com/syols/go-devops/internal/app/gophermart.go:31.2,32.16 2 0
github.com/syols/go-devops/internal/app/gophermart.go:36.2,42.8 1 0
github.com/syols/go-devops/internal/app/gophermart.go:27.16,29.3 1 0
github.com/syols/go-devops/internal/app/gophermart.go:32.16,34.3 1 0
github.com/syols/go-devops/internal/app/gophermart.go:45.24,50.50 4 0
github.com/syols/go-devops/internal/app/gophermart.go:50.50,52.3 1 0
github.com/syols/go-devops/internal/app/gophermart.go:55.82,78.2 18 0
github.com/syols/go-devops/internal/app/gophermart.go:80.48,81.12 1 0
github.com/syols/go-devops/internal/app/gophermart.go:81.12,83.48 2 0
github.com/syols/go-devops/internal/app/gophermart.go:86.3,86.13 1 0
github.com/syols/go-devops/internal/app/gophermart.go:83.48,85.4 1 0
github.com/syols/go-devops/internal/pkg/authorizer.go:20.53,24.2 1 0
github.com/syols/go-devops/internal/pkg/authorizer.go:26.67,36.2 3 1
github.com/syols/go-devops/internal/pkg/authorizer.go:38.64,40.92 2 1
github.com/syols/go-devops/internal/pkg/authorizer.go:46.2,46.29 1 1
github.com/syols/go-devops/internal/pkg/authorizer.go:40.92,41.58 1 1
github.com/syols/go-devops/internal/pkg/authorizer.go:44.3,44.21 1 1
github.com/syols/go-devops/internal/pkg/authorizer.go:41.58,43.4 1 0
github.com/syols/go-devops/internal/pkg/validator.go:12.13,14.80 2 1
github.com/syols/go-devops/internal/pkg/validator.go:21.2,21.16 1 1
github.com/syols/go-devops/internal/pkg/validator.go:14.80,15.56 1 0
github.com/syols/go-devops/internal/pkg/validator.go:18.3,18.15 1 0
github.com/syols/go-devops/internal/pkg/validator.go:15.56,17.4 1 0
github.com/syols/go-devops/internal/pkg/validator.go:21.16,23.3 1 0
github.com/syols/go-devops/internal/pkg/validator.go:26.36,28.2 1 0
github.com/syols/go-devops/config/enviroment.go:16.45,23.2 2 0
github.com/syols/go-devops/config/enviroment.go:25.53,32.2 1 0
github.com/syols/go-devops/config/enviroment.go:34.60,36.22 2 0
github.com/syols/go-devops/config/enviroment.go:46.2,46.8 1 0
github.com/syols/go-devops/config/enviroment.go:36.22,38.12 2 0
github.com/syols/go-devops/config/enviroment.go:42.3,42.21 1 0
github.com/syols/go-devops/config/enviroment.go:38.12,40.4 1 0
github.com/syols/go-devops/config/enviroment.go:42.21,44.4 1 0
github.com/syols/go-devops/internal/models/balance.go:15.91,21.16 3 0
github.com/syols/go-devops/internal/models/balance.go:24.2,24.35 1 0
github.com/syols/go-devops/internal/models/balance.go:28.2,29.17 2 0
github.com/syols/go-devops/internal/models/balance.go:35.2,35.20 1 0
github.com/syols/go-devops/internal/models/balance.go:21.16,23.3 1 0
github.com/syols/go-devops/internal/models/balance.go:24.35,26.3 1 0
github.com/syols/go-devops/internal/models/balance.go:29.17,30.49 1 0
github.com/syols/go-devops/internal/models/balance.go:30.49,32.4 1 0
github.com/syols/go-devops/internal/models/order.go:31.68,33.35 2 0
github.com/syols/go-devops/internal/models/order.go:36.2,36.12 1 0
github.com/syols/go-devops/internal/models/order.go:33.35,35.3 1 0
github.com/syols/go-devops/internal/models/order.go:39.51,42.2 2 0
github.com/syols/go-devops/internal/models/withdraw.go:19.71,21.35 2 0
github.com/syols/go-devops/internal/models/withdraw.go:24.2,24.12 1 0
github.com/syols/go-devops/internal/models/withdraw.go:21.35,23.3 1 0
github.com/syols/go-devops/internal/models/withdraw.go:27.90,35.16 3 0
github.com/syols/go-devops/internal/models/withdraw.go:38.2,38.35 1 0
github.com/syols/go-devops/internal/models/withdraw.go:42.2,43.18 2 0
github.com/syols/go-devops/internal/models/withdraw.go:50.2,50.21 1 0
github.com/syols/go-devops/internal/models/withdraw.go:35.16,37.3 1 0
github.com/syols/go-devops/internal/models/withdraw.go:38.35,40.3 1 0
github.com/syols/go-devops/internal/models/withdraw.go:43.18,45.49 2 0
github.com/syols/go-devops/internal/models/withdraw.go:48.3,48.33 1 0
github.com/syols/go-devops/internal/models/withdraw.go:45.49,47.4 1 0
github.com/syols/go-devops/internal/pkg/database.go:24.88,31.2 3 0
github.com/syols/go-devops/internal/pkg/database.go:33.105,35.16 2 0
github.com/syols/go-devops/internal/pkg/database.go:39.2,40.16 2 0
github.com/syols/go-devops/internal/pkg/database.go:43.2,44.37 2 0
github.com/syols/go-devops/internal/pkg/database.go:35.16,37.3 1 0
github.com/syols/go-devops/internal/pkg/database.go:40.16,42.3 1 0
github.com/syols/go-devops/internal/pkg/database.go:47.60,49.11 2 0
github.com/syols/go-devops/internal/pkg/database.go:58.2,58.20 1 0
github.com/syols/go-devops/internal/pkg/database.go:49.11,51.17 2 0
github.com/syols/go-devops/internal/pkg/database.go:55.3,56.31 2 0
github.com/syols/go-devops/internal/pkg/database.go:51.17,53.4 1 0
github.com/syols/go-devops/internal/pkg/event.go:20.37,25.16 2 0
github.com/syols/go-devops/internal/pkg/event.go:29.2,30.16 2 0
github.com/syols/go-devops/internal/pkg/event.go:34.2,38.16 3 0
github.com/syols/go-devops/internal/pkg/event.go:41.2,45.8 1 0
github.com/syols/go-devops/internal/pkg/event.go:25.16,27.3 1 0
github.com/syols/go-devops/internal/pkg/event.go:30.16,32.3 1 0
github.com/syols/go-devops/internal/pkg/event.go:38.16,40.3 1 0
github.com/syols/go-devops/internal/pkg/event.go:48.79,54.2 1 0
github.com/syols/go-devops/internal/pkg/event.go:56.72,62.16 2 0
github.com/syols/go-devops/internal/pkg/event.go:65.2,65.48 1 0
github.com/syols/go-devops/internal/pkg/event.go:62.16,64.3 1 0
github.com/syols/go-devops/internal/pkg/event.go:68.61,74.2 2 0
github.com/syols/go-devops/config/config.go:26.47,28.16 2 0
github.com/syols/go-devops/config/config.go:31.2,31.66 1 0
github.com/syols/go-devops/config/config.go:28.16,30.3 1 0
github.com/syols/go-devops/config/config.go:34.48,35.29 1 0
github.com/syols/go-devops/config/config.go:38.2,38.11 1 0
github.com/syols/go-devops/config/config.go:35.29,37.3 1 0
github.com/syols/go-devops/config/config.go:41.54,43.16 2 0
github.com/syols/go-devops/config/config.go:47.2,47.48 1 0
github.com/syols/go-devops/config/config.go:50.2,50.12 1 0
github.com/syols/go-devops/config/config.go:43.16,45.3 1 0
github.com/syols/go-devops/config/config.go:47.48,49.3 1 0
github.com/syols/go-devops/config/config.go:53.43,54.49 1 0
github.com/syols/go-devops/config/config.go:57.2,57.8 1 0
github.com/syols/go-devops/config/config.go:54.49,56.3 1 0
github.com/syols/go-devops/config/config.go:60.35,62.2 1 0
github.com/syols/go-devops/config/config.go:64.47,65.25 1 0
github.com/syols/go-devops/config/config.go:65.25,66.64 1 0
github.com/syols/go-devops/config/config.go:66.64,67.63 1 0
github.com/syols/go-devops/config/config.go:67.63,70.5 2 0
github.com/syols/go-devops/config/config.go:75.48,76.25 1 0
github.com/syols/go-devops/config/config.go:76.25,78.3 1 0
github.com/syols/go-devops/config/config.go:81.40,82.25 1 0
github.com/syols/go-devops/config/config.go:82.25,84.3 1 0
github.com/syols/go-devops/config/config.go:87.36,88.25 1 0
github.com/syols/go-devops/config/config.go:88.25,90.3 1 0
github.com/syols/go-devops/internal/handlers/healthcheck.go:8.34,10.2 1 0
github.com/syols/go-devops/internal/handlers/purchase.go:12.73,13.36 1 0
github.com/syols/go-devops/internal/handlers/purchase.go:13.36,15.17 2 0
github.com/syols/go-devops/internal/handlers/purchase.go:20.3,21.12 2 0
github.com/syols/go-devops/internal/handlers/purchase.go:26.3,27.48 2 0
github.com/syols/go-devops/internal/handlers/purchase.go:32.3,33.17 2 0
github.com/syols/go-devops/internal/handlers/purchase.go:38.3,38.24 1 0
github.com/syols/go-devops/internal/handlers/purchase.go:47.3,47.54 1 0
github.com/syols/go-devops/internal/handlers/purchase.go:52.3,52.18 1 0
github.com/syols/go-devops/internal/handlers/purchase.go:58.3,58.38 1 0
github.com/syols/go-devops/internal/handlers/purchase.go:15.17,18.4 2 0
github.com/syols/go-devops/internal/handlers/purchase.go:21.12,24.4 2 0
github.com/syols/go-devops/internal/handlers/purchase.go:27.48,30.4 2 0
github.com/syols/go-devops/internal/handlers/purchase.go:33.17,36.4 2 0
github.com/syols/go-devops/internal/handlers/purchase.go:38.24,39.44 1 0
github.com/syols/go-devops/internal/handlers/purchase.go:43.4,44.10 2 0
github.com/syols/go-devops/internal/handlers/purchase.go:39.44,42.5 2 0
github.com/syols/go-devops/internal/handlers/purchase.go:47.54,50.4 2 0
github.com/syols/go-devops/internal/handlers/purchase.go:52.18,53.62 1 0
github.com/syols/go-devops/internal/handlers/purchase.go:53.62,56.5 2 0
github.com/syols/go-devops/internal/handlers/purchase.go:62.49,63.36 1 0
github.com/syols/go-devops/internal/handlers/purchase.go:63.36,65.12 2 0
github.com/syols/go-devops/internal/handlers/purchase.go:70.3,71.17 2 0
github.com/syols/go-devops/internal/handlers/purchase.go:75.3,75.47 1 0
github.com/syols/go-devops/internal/handlers/purchase.go:79.3,79.41 1 0
github.com/syols/go-devops/internal/handlers/purchase.go:65.12,68.4 2 0
github.com/syols/go-devops/internal/handlers/purchase.go:71.17,74.4 2 0
github.com/syols/go-devops/internal/handlers/purchase.go:75.47,78.4 2 0
github.com/syols/go-devops/cmd/gophermart/main.go:15.13,19.16 4 0
github.com/syols/go-devops/cmd/gophermart/main.go:23.2,29.16 6 0
github.com/syols/go-devops/cmd/gophermart/main.go:32.2,35.24 3 0
github.com/syols/go-devops/cmd/gophermart/main.go:19.16,21.3 1 0
github.com/syols/go-devops/cmd/gophermart/main.go:29.16,31.3 1 0
github.com/syols/go-devops/cmd/gophermart/main.go:35.24,37.3 1 0
github.com/syols/go-devops/internal/models/purchase.go:19.54,26.2 1 0
github.com/syols/go-devops/internal/models/purchase.go:28.71,30.35 2 0
github.com/syols/go-devops/internal/models/purchase.go:33.2,33.12 1 0
github.com/syols/go-devops/internal/models/purchase.go:30.35,32.3 1 0
github.com/syols/go-devops/internal/models/purchase.go:36.71,38.35 2 0
github.com/syols/go-devops/internal/models/purchase.go:41.2,41.12 1 0
github.com/syols/go-devops/internal/models/purchase.go:38.35,40.3 1 0
github.com/syols/go-devops/internal/models/purchase.go:44.91,50.16 3 0
github.com/syols/go-devops/internal/models/purchase.go:53.2,53.35 1 0
github.com/syols/go-devops/internal/models/purchase.go:57.2,58.17 2 0
github.com/syols/go-devops/internal/models/purchase.go:64.2,64.17 1 0
github.com/syols/go-devops/internal/models/purchase.go:50.16,52.3 1 0
github.com/syols/go-devops/internal/models/purchase.go:53.35,55.3 1 0
github.com/syols/go-devops/internal/models/purchase.go:58.17,59.49 1 0
github.com/syols/go-devops/internal/models/purchase.go:62.3,62.21 1 0
github.com/syols/go-devops/internal/models/purchase.go:59.49,61.4 1 0
github.com/syols/go-devops/internal/models/purchase.go:67.91,74.16 3 0
github.com/syols/go-devops/internal/models/purchase.go:77.2,77.35 1 0
github.com/syols/go-devops/internal/models/purchase.go:81.2,82.18 2 0
github.com/syols/go-devops/internal/models/purchase.go:89.2,89.21 1 0
github.com/syols/go-devops/internal/models/purchase.go:74.16,76.3 1 0
github.com/syols/go-devops/internal/models/purchase.go:77.35,79.3 1 0
github.com/syols/go-devops/internal/models/purchase.go:82.18,84.49 2 0
github.com/syols/go-devops/internal/models/purchase.go:87.3,87.33 1 0
github.com/syols/go-devops/internal/models/purchase.go:84.49,86.4 1 0
github.com/syols/go-devops/internal/app/consumer.go:15.76,17.16 2 1
github.com/syols/go-devops/internal/app/consumer.go:23.2,25.16 3 0
github.com/syols/go-devops/internal/app/consumer.go:31.2,32.6 2 0
github.com/syols/go-devops/internal/app/consumer.go:17.16,21.3 3 1
github.com/syols/go-devops/internal/app/consumer.go:25.16,29.3 3 0
github.com/syols/go-devops/internal/app/consumer.go:32.6,33.10 1 0
github.com/syols/go-devops/internal/app/consumer.go:34.25,36.18 2 0
github.com/syols/go-devops/internal/app/consumer.go:41.4,41.33 1 0
github.com/syols/go-devops/internal/app/consumer.go:75.21,77.10 2 0
github.com/syols/go-devops/internal/app/consumer.go:36.18,38.13 2 0
github.com/syols/go-devops/internal/app/consumer.go:41.33,44.19 3 0
github.com/syols/go-devops/internal/app/consumer.go:49.5,51.19 3 0
github.com/syols/go-devops/internal/app/consumer.go:56.5,56.45 1 0
github.com/syols/go-devops/internal/app/consumer.go:60.5,60.61 1 0
github.com/syols/go-devops/internal/app/consumer.go:65.5,65.52 1 0
github.com/syols/go-devops/internal/app/consumer.go:71.5,71.48 1 0
github.com/syols/go-devops/internal/app/consumer.go:44.19,46.14 2 0
github.com/syols/go-devops/internal/app/consumer.go:51.19,53.14 2 0
github.com/syols/go-devops/internal/app/consumer.go:56.45,58.6 1 0
github.com/syols/go-devops/internal/app/consumer.go:60.61,62.14 2 0
github.com/syols/go-devops/internal/app/consumer.go:65.52,66.52 1 0
github.com/syols/go-devops/internal/app/consumer.go:66.52,68.7 1 0
github.com/syols/go-devops/internal/app/consumer.go:71.48,73.6 1 0
github.com/syols/go-devops/internal/pkg/database.go:24.88,31.2 3 0
github.com/syols/go-devops/internal/pkg/database.go:33.105,35.16 2 0
github.com/syols/go-devops/internal/pkg/database.go:39.2,40.16 2 0
github.com/syols/go-devops/internal/pkg/database.go:43.2,44.37 2 0
github.com/syols/go-devops/internal/pkg/database.go:35.16,37.3 1 0
github.com/syols/go-devops/internal/pkg/database.go:40.16,42.3 1 0
github.com/syols/go-devops/internal/pkg/database.go:47.60,49.11 2 0
github.com/syols/go-devops/internal/pkg/database.go:58.2,58.20 1 0
github.com/syols/go-devops/internal/pkg/database.go:49.11,51.17 2 0
github.com/syols/go-devops/internal/pkg/database.go:55.3,56.31 2 0
github.com/syols/go-devops/internal/pkg/database.go:51.17,53.4 1 0
github.com/syols/go-devops/internal/models/withdraw.go:19.71,21.35 2 0
github.com/syols/go-devops/internal/models/withdraw.go:24.2,24.12 1 0
github.com/syols/go-devops/internal/models/withdraw.go:21.35,23.3 1 0
github.com/syols/go-devops/internal/models/withdraw.go:27.90,35.16 3 0
github.com/syols/go-devops/internal/models/withdraw.go:38.2,38.35 1 0
github.com/syols/go-devops/internal/models/withdraw.go:42.2,43.18 2 0
github.com/syols/go-devops/internal/models/withdraw.go:50.2,50.21 1 0
github.com/syols/go-devops/internal/models/withdraw.go:35.16,37.3 1 0
github.com/syols/go-devops/internal/models/withdraw.go:38.35,40.3 1 0
github.com/syols/go-devops/internal/models/withdraw.go:43.18,45.49 2 0
github.com/syols/go-devops/internal/models/withdraw.go:48.3,48.33 1 0
github.com/syols/go-devops/internal/models/withdraw.go:45.49,47.4 1 0
github.com/syols/go-devops/internal/handlers/middleware.go:17.41,18.30 1 0
github.com/syols/go-devops/internal/handlers/middleware.go:18.30,21.17 3 0
github.com/syols/go-devops/internal/handlers/middleware.go:24.3,28.11 5 0
github.com/syols/go-devops/internal/handlers/middleware.go:21.17,23.4 1 0
github.com/syols/go-devops/internal/handlers/middleware.go:32.48,34.28 2 0
github.com/syols/go-devops/internal/handlers/middleware.go:40.2,40.19 1 0
github.com/syols/go-devops/internal/handlers/middleware.go:34.28,36.17 2 0
github.com/syols/go-devops/internal/handlers/middleware.go:36.17,38.4 1 0
github.com/syols/go-devops/internal/handlers/middleware.go:43.81,44.36 1 0
github.com/syols/go-devops/internal/handlers/middleware.go:44.36,46.17 2 0
github.com/syols/go-devops/internal/handlers/middleware.go:52.3,53.48 2 0
github.com/syols/go-devops/internal/handlers/middleware.go:58.3,60.17 3 0
github.com/syols/go-devops/internal/handlers/middleware.go:65.3,67.53 3 0
github.com/syols/go-devops/internal/handlers/middleware.go:72.3,74.17 3 0
github.com/syols/go-devops/internal/handlers/middleware.go:46.17,50.4 3 0
github.com/syols/go-devops/internal/handlers/middleware.go:53.48,56.4 2 0
github.com/syols/go-devops/internal/handlers/middleware.go:60.17,63.4 2 0
github.com/syols/go-devops/internal/handlers/middleware.go:67.53,70.4 2 0
github.com/syols/go-devops/cmd/gophermart/main.go:15.13,19.16 4 0
github.com/syols/go-devops/cmd/gophermart/main.go:23.2,29.16 6 0
github.com/syols/go-devops/cmd/gophermart/main.go:32.2,35.24 3 0
github.com/syols/go-devops/cmd/gophermart/main.go:19.16,21.3 1 0
github.com/syols/go-devops/cmd/gophermart/main.go:29.16,31.3 1 0
github.com/syols/go-devops/cmd/gophermart/main.go:35.24,37.3 1 0
github.com/syols/go-devops/internal/pkg/validator.go:12.13,14.80 2 1
github.com/syols/go-devops/internal/pkg/validator.go:21.2,21.16 1 1
github.com/syols/go-devops/internal/pkg/validator.go:14.80,15.56 1 0
github.com/syols/go-devops/internal/pkg/validator.go:18.3,18.15 1 0
github.com/syols/go-devops/internal/pkg/validator.go:15.56,17.4 1 0
github.com/syols/go-devops/internal/pkg/validator.go:21.16,23.3 1 0
github.com/syols/go-devops/internal/pkg/validator.go:26.36,28.2 1 0
github.com/syols/go-devops/internal/models/order.go:31.68,33.35 2 0
github.com/syols/go-devops/internal/models/order.go:36.2,36.12 1 0
github.com/syols/go-devops/internal/models/order.go:33.35,35.3 1 0
github.com/syols/go-devops/internal/models/order.go:39.51,42.2 2 0
github.com/syols/go-devops/internal/models/purchase.go:19.54,26.2 1 0
github.com/syols/go-devops/internal/models/purchase.go:28.71,30.35 2 0
github.com/syols/go-devops/internal/models/purchase.go:33.2,33.12 1 0
github.com/syols/go-devops/internal/models/purchase.go:30.35,32.3 1 0
github.com/syols/go-devops/internal/models/purchase.go:36.71,38.35 2 0
github.com/syols/go-devops/internal/models/purchase.go:41.2,41.12 1 0
github.com/syols/go-devops/internal/models/purchase.go:38.35,40.3 1 0
github.com/syols/go-devops/internal/models/purchase.go:44.91,50.16 3 0
github.com/syols/go-devops/internal/models/purchase.go:53.2,53.35 1 0
github.com/syols/go-devops/internal/models/purchase.go:57.2,58.17 2 0
github.com/syols/go-devops/internal/models/purchase.go:64.2,64.17 1 0
github.com/syols/go-devops/internal/models/purchase.go:50.16,52.3 1 0
github.com/syols/go-devops/internal/models/purchase.go:53.35,55.3 1 0
github.com/syols/go-devops/internal/models/purchase.go:58.17,59.49 1 0
github.com/syols/go-devops/internal/models/purchase.go:62.3,62.21 1 0
github.com/syols/go-devops/internal/models/purchase.go:59.49,61.4 1 0
github.com/syols/go-devops/internal/models/purchase.go:67.91,74.16 3 0
github.com/syols/go-devops/internal/models/purchase.go:77.2,77.35 1 0
github.com/syols/go-devops/internal/models/purchase.go:81.2,82.18 2 0
github.com/syols/go-devops/internal/models/purchase.go:89.2,89.21 1 0
github.com/syols/go-devops/internal/models/purchase.go:74.16,76.3 1 0
github.com/syols/go-devops/internal/models/purchase.go:77.35,79.3 1 0
github.com/syols/go-devops/internal/models/purchase.go:82.18,84.49 2 0
github.com/syols/go-devops/internal/models/purchase.go:87.3,87.33 1 0
github.com/syols/go-devops/internal/models/purchase.go:84.49,86.4 1 0
github.com/syols/go-devops/config/enviroment.go:16.45,23.2 2 0
github.com/syols/go-devops/config/enviroment.go:25.53,32.2 1 0
github.com/syols/go-devops/config/enviroment.go:34.60,36.22 2 0
github.com/syols/go-devops/config/enviroment.go:46.2,46.8 1 0
github.com/syols/go-devops/config/enviroment.go:36.22,38.12 2 0
github.com/syols/go-devops/config/enviroment.go:42.3,42.21 1 0
github.com/syols/go-devops/config/enviroment.go:38.12,40.4 1 0
github.com/syols/go-devops/config/enviroment.go:42.21,44.4 1 0
github.com/syols/go-devops/internal/pkg/connection.go:29.79,33.2 1 0
github.com/syols/go-devops/internal/pkg/connection.go:35.80,40.2 1 0
github.com/syols/go-devops/internal/pkg/connection.go:42.70,44.2 1 0
github.com/syols/go-devops/internal/pkg/connection.go:46.40,48.16 2 0
github.com/syols/go-devops/internal/pkg/connection.go:51.2,51.71 1 0
github.com/syols/go-devops/internal/pkg/connection.go:54.2,54.12 1 0
github.com/syols/go-devops/internal/pkg/connection.go:48.16,50.3 1 0
github.com/syols/go-devops/internal/pkg/connection.go:51.71,53.3 1 0
github.com/syols/go-devops/internal/pkg/connection.go:57.43,58.26 1 0
github.com/syols/go-devops/internal/pkg/connection.go:58.26,60.17 2 0
github.com/syols/go-devops/internal/pkg/connection.go:60.17,62.4 1 0
github.com/syols/go-devops/internal/pkg/connection.go:66.68,69.2 2 0
github.com/syols/go-devops/internal/pkg/connection.go:71.40,73.2 1 0
github.com/syols/go-devops/internal/pkg/connection.go:75.42,77.2 1 0
github.com/syols/go-devops/internal/pkg/event.go:20.37,25.16 2 1
github.com/syols/go-devops/internal/pkg/event.go:29.2,30.16 2 1
github.com/syols/go-devops/internal/pkg/event.go:34.2,38.16 3 0
github.com/syols/go-devops/internal/pkg/event.go:41.2,45.8 1 0
github.com/syols/go-devops/internal/pkg/event.go:25.16,27.3 1 0
github.com/syols/go-devops/internal/pkg/event.go:30.16,32.3 1 1
github.com/syols/go-devops/internal/pkg/event.go:38.16,40.3 1 0
github.com/syols/go-devops/internal/pkg/event.go:48.79,54.2 1 0
github.com/syols/go-devops/internal/pkg/event.go:56.72,62.16 2 0
github.com/syols/go-devops/internal/pkg/event.go:65.2,65.48 1 0
github.com/syols/go-devops/internal/pkg/event.go:62.16,64.3 1 0
github.com/syols/go-devops/internal/pkg/event.go:68.61,74.2 2 0
github.com/syols/go-devops/internal/models/user.go:17.36,19.2 1 0
github.com/syols/go-devops/internal/models/user.go:21.72,23.35 2 0
github.com/syols/go-devops/internal/models/user.go:26.2,26.12 1 0
github.com/syols/go-devops/internal/models/user.go:23.35,25.3 1 0
github.com/syols/go-devops/internal/models/user.go:29.78,31.16 2 0
github.com/syols/go-devops/internal/models/user.go:34.2,34.35 1 0
github.com/syols/go-devops/internal/models/user.go:37.2,37.28 1 0
github.com/syols/go-devops/internal/models/user.go:31.16,33.3 1 0
github.com/syols/go-devops/internal/models/user.go:34.35,36.3 1 0
github.com/syols/go-devops/internal/models/user.go:40.79,42.16 2 0
github.com/syols/go-devops/internal/models/user.go:45.2,45.28 1 0
github.com/syols/go-devops/internal/models/user.go:42.16,44.3 1 0
github.com/syols/go-devops/internal/models/user.go:48.60,50.17 2 0
github.com/syols/go-devops/internal/models/user.go:56.2,56.20 1 0
github.com/syols/go-devops/internal/models/user.go:50.17,51.49 1 0
github.com/syols/go-devops/internal/models/user.go:51.49,53.4 1 0
github.com/syols/go-devops/internal/handlers/balance.go:11.47,12.36 1 0
github.com/syols/go-devops/internal/handlers/balance.go:12.36,16.17 3 0
github.com/syols/go-devops/internal/handlers/balance.go:20.3,20.40 1 0
github.com/syols/go-devops/internal/handlers/balance.go:16.17,19.4 2 0
github.com/syols/go-devops/internal/handlers/healthcheck.go:8.34,10.2 1 0
github.com/syols/go-devops/internal/handlers/purchase.go:12.73,13.36 1 0
github.com/syols/go-devops/internal/handlers/purchase.go:13.36,15.17 2 0
github.com/syols/go-devops/internal/handlers/purchase.go:20.3,21.12 2 0
github.com/syols/go-devops/internal/handlers/purchase.go:26.3,27.48 2 0
github.com/syols/go-devops/internal/handlers/purchase.go:32.3,33.17 2 0
github.com/syols/go-devops/internal/handlers/purchase.go:38.3,38.24 1 0
github.com/syols/go-devops/internal/handlers/purchase.go:47.3,47.54 1 0
github.com/syols/go-devops/internal/handlers/purchase.go:52.3,52.18 1 0
github.com/syols/go-devops/internal/handlers/purchase.go:58.3,58.38 1 0
github.com/syols/go-devops/internal/handlers/purchase.go:15.17,18.4 2 0
github.com/syols/go-devops/internal/handlers/purchase.go:21.12,24.4 2 0
github.com/syols/go-devops/internal/handlers/purchase.go:27.48,30.4 2 0
github.com/syols/go-devops/internal/handlers/purchase.go:33.17,36.4 2 0
github.com/syols/go-devops/internal/handlers/purchase.go:38.24,39.44 1 0
github.com/syols/go-devops/internal/handlers/purchase.go:43.4,44.10 2 0
github.com/syols/go-devops/internal/handlers/purchase.go:39.44,42.5 2 0
github.com/syols/go-devops/internal/handlers/purchase.go:47.54,50.4 2 0
github.com/syols/go-devops/internal/handlers/purchase.go:52.18,53.62 1 0
github.com/syols/go-devops/internal/handlers/purchase.go:53.62,56.5 2 0
github.com/syols/go-devops/internal/handlers/purchase.go:62.49,63.36 1 0
github.com/syols/go-devops/internal/handlers/purchase.go:63.36,65.12 2 0
github.com/syols/go-devops/internal/handlers/purchase.go:70.3,71.17 2 0
github.com/syols/go-devops/internal/handlers/purchase.go:75.3,75.47 1 0
github.com/syols/go-devops/internal/handlers/purchase.go:79.3,79.41 1 0
github.com/syols/go-devops/internal/handlers/purchase.go:65.12,68.4 2 0
github.com/syols/go-devops/internal/handlers/purchase.go:71.17,74.4 2 0
github.com/syols/go-devops/internal/handlers/purchase.go:75.47,78.4 2 0
github.com/syols/go-devops/internal/handlers/user.go:11.75,12.36 1 0
github.com/syols/go-devops/internal/handlers/user.go:12.36,14.17 2 0
github.com/syols/go-devops/internal/handlers/user.go:19.3,19.52 1 0
github.com/syols/go-devops/internal/handlers/user.go:24.3,25.17 2 0
github.com/syols/go-devops/internal/handlers/user.go:30.3,31.32 2 0
github.com/syols/go-devops/internal/handlers/user.go:14.17,17.4 2 0
github.com/syols/go-devops/internal/handlers/user.go:19.52,22.4 2 0
github.com/syols/go-devops/internal/handlers/user.go:25.17,28.4 2 0
github.com/syols/go-devops/internal/handlers/user.go:35.72,36.36 1 0
github.com/syols/go-devops/internal/handlers/user.go:36.36,38.17 2 0
github.com/syols/go-devops/internal/handlers/user.go:43.3,44.53 2 0
github.com/syols/go-devops/internal/handlers/user.go:49.3,50.17 2 0
github.com/syols/go-devops/internal/handlers/user.go:54.3,55.32 2 0
github.com/syols/go-devops/internal/handlers/user.go:38.17,41.4 2 0
github.com/syols/go-devops/internal/handlers/user.go:44.53,47.4 2 0
github.com/syols/go-devops/internal/handlers/user.go:50.17,53.4 2 0
github.com/syols/go-devops/internal/handlers/user.go:59.59,61.48 2 0
github.com/syols/go-devops/internal/handlers/user.go:64.2,64.43 1 0
github.com/syols/go-devops/internal/handlers/user.go:67.2,67.19 1 0
github.com/syols/go-devops/internal/handlers/user.go:61.48,63.3 1 0
github.com/syols/go-devops/internal/handlers/user.go:64.43,66.3 1 0
github.com/syols/go-devops/config/config.go:26.47,28.16 2 0
github.com/syols/go-devops/config/config.go:31.2,31.66 1 0
github.com/syols/go-devops/config/config.go:28.16,30.3 1 0
github.com/syols/go-devops/config/config.go:34.48,35.29 1 0
github.com/syols/go-devops/config/config.go:38.2,38.11 1 0
github.com/syols/go-devops/config/config.go:35.29,37.3 1 0
github.com/syols/go-devops/config/config.go:41.54,43.16 2 0
github.com/syols/go-devops/config/config.go:47.2,47.48 1 0
github.com/syols/go-devops/config/config.go:50.2,50.12 1 0
github.com/syols/go-devops/config/config.go:43.16,45.3 1 0
github.com/syols/go-devops/config/config.go:47.48,49.3 1 0
github.com/syols/go-devops/config/config.go:53.43,54.49 1 0
github.com/syols/go-devops/config/config.go:57.2,57.8 1 0
github.com/syols/go-devops/config/config.go:54.49,56.3 1 0
github.com/syols/go-devops/config/config.go:60.35,62.2 1 0
github.com/syols/go-devops/config/config.go:64.47,65.25 1 0
github.com/syols/go-devops/config/config.go:65.25,66.64 1 0
github.com/syols/go-devops/config/config.go:66.64,67.63 1 0
github.com/syols/go-devops/config/config.go:67.63,70.5 2 0
github.com/syols/go-devops/config/config.go:75.48,76.25 1 0
github.com/syols/go-devops/config/config.go:76.25,78.3 1 0
github.com/syols/go-devops/config/config.go:81.40,82.25 1 0
github.com/syols/go-devops/config/config.go:82.25,84.3 1 0
github.com/syols/go-devops/config/config.go:87.36,88.25 1 0
github.com/syols/go-devops/config/config.go:88.25,90.3 1 0
github.com/syols/go-devops/internal/pkg/authorizer.go:20.53,24.2 1 0
github.com/syols/go-devops/internal/pkg/authorizer.go:26.67,36.2 3 0
github.com/syols/go-devops/internal/pkg/authorizer.go:38.64,40.92 2 0
github.com/syols/go-devops/internal/pkg/authorizer.go:46.2,46.29 1 0
github.com/syols/go-devops/internal/pkg/authorizer.go:40.92,41.58 1 0
github.com/syols/go-devops/internal/pkg/authorizer.go:44.3,44.21 1 0
github.com/syols/go-devops/internal/pkg/authorizer.go:41.58,43.4 1 0
github.com/syols/go-devops/internal/models/balance.go:15.91,21.16 3 0
github.com/syols/go-devops/internal/models/balance.go:24.2,24.35 1 0
github.com/syols/go-devops/internal/models/balance.go:28.2,29.17 2 0
github.com/syols/go-devops/internal/models/balance.go:35.2,35.20 1 0
github.com/syols/go-devops/internal/models/balance.go:21.16,23.3 1 0
github.com/syols/go-devops/internal/models/balance.go:24.35,26.3 1 0
github.com/syols/go-devops/internal/models/balance.go:29.17,30.49 1 0
github.com/syols/go-devops/internal/models/balance.go:30.49,32.4 1 0
github.com/syols/go-devops/internal/handlers/withdraw.go:11.54,12.36 1 0
github.com/syols/go-devops/internal/handlers/withdraw.go:12.36,14.12 2 0
github.com/syols/go-devops/internal/handlers/withdraw.go:19.3,20.17 2 0
github.com/syols/go-devops/internal/handlers/withdraw.go:24.3,27.17 3 0
github.com/syols/go-devops/internal/handlers/withdraw.go:32.3,32.39 1 0
github.com/syols/go-devops/internal/handlers/withdraw.go:37.3,37.54 1 0
github.com/syols/go-devops/internal/handlers/withdraw.go:41.3,41.32 1 0
github.com/syols/go-devops/internal/handlers/withdraw.go:14.12,17.4 2 0
github.com/syols/go-devops/internal/handlers/withdraw.go:20.17,23.4 2 0
github.com/syols/go-devops/internal/handlers/withdraw.go:27.17,30.4 2 0
github.com/syols/go-devops/internal/handlers/withdraw.go:32.39,35.4 2 0
github.com/syols/go-devops/internal/handlers/withdraw.go:37.54,40.4 2 0
github.com/syols/go-devops/internal/handlers/withdraw.go:45.51,46.36 1 0
github.com/syols/go-devops/internal/handlers/withdraw.go:46.36,48.12 2 0
github.com/syols/go-devops/internal/handlers/withdraw.go:53.3,54.17 2 0
github.com/syols/go-devops/internal/handlers/withdraw.go:58.3,58.47 1 0
github.com/syols/go-devops/internal/handlers/withdraw.go:62.3,62.41 1 0
github.com/syols/go-devops/internal/handlers/withdraw.go:48.12,51.4 2 0
github.com/syols/go-devops/internal/handlers/withdraw.go:54.17,57.4 2 0
github.com/syols/go-devops/internal/handlers/withdraw.go:58.47,61.4 2 0
github.com/syols/go-devops/internal/handlers/withdraw.go:66.67,68.52 2 0
github.com/syols/go-devops/internal/handlers/withdraw.go:72.2,74.47 3 0
github.com/syols/go-devops/internal/handlers/withdraw.go:77.2,77.23 1 0
github.com/syols/go-devops/internal/handlers/withdraw.go:68.52,70.3 1 0
github.com/syols/go-devops/internal/handlers/withdraw.go:74.47,76.3 1 0
github.com/syols/go-devops/internal/app/gophermart.go:23.56,27.16 4 0
github.com/syols/go-devops/internal/app/gophermart.go:31.2,32.16 2 0
github.com/syols/go-devops/internal/app/gophermart.go:36.2,42.8 1 0
github.com/syols/go-devops/internal/app/gophermart.go:27.16,29.3 1 0
github.com/syols/go-devops/internal/app/gophermart.go:32.16,34.3 1 0
github.com/syols/go-devops/internal/app/gophermart.go:45.24,50.50 4 0
github.com/syols/go-devops/internal/app/gophermart.go:50.50,52.3 1 0
github.com/syols/go-devops/internal/app/gophermart.go:55.82,78.2 18 0
github.com/syols/go-devops/internal/app/gophermart.go:80.48,81.12 1 0
github.com/syols/go-devops/internal/app/gophermart.go:81.12,83.48 2 0
github.com/syols/go-devops/internal/app/gophermart.go:86.3,86.13 1 0
github.com/syols/go-devops/internal/app/gophermart.go:83.48,85.4 1 0
